2025-09-14 10:35:48,208 - __main__ - INFO - Training session started at 2025-09-14 10:35:48
2025-09-14 10:35:48,208 - __main__ - INFO - Session logs will be saved to: gru_training_20250914-103548.log
2025-09-14 10:35:48,211 - __main__ - INFO - Configuration loaded successfully
2025-09-14 10:35:48,211 - __main__ - INFO - Model configuration:
GRU Model Configuration Summary:
================================
Architecture:
  - Input: 128 time steps × 14 features
  - 4x Bidirectional GRU layers (32 units each)
  - Output: 5 classes
  - Estimated parameters: ~86,853

Training Setup:
  - Learning rate: 0.001
  - Batch size: 16
  - Max epochs: 15
  - Dropout: 0.3
  - Validation split: 0.2
  - Early stopping patience: 2

Monitoring:
  - Metrics: accuracy, precision, recall, f1_score
  - Model save path: /fab3/btech/2022/siddhant.gond22b@iiitg.ac.in/Project_3/GRU/models/saved_Models/gru_experiment2.keras
2025-09-14 10:35:48,211 - __main__ - INFO - Loading data from /fab3/btech/2022/siddhant.gond22b@iiitg.ac.in/Research_Internship_Under_Dr_Rakesh_Matam/Project_3/dataset/combined_dataset_short_balanced_encoded_normalised.csv
2025-09-14 10:35:49,495 - __main__ - INFO - Data loaded successfully: (500000, 15)
2025-09-14 10:35:49,496 - __main__ - INFO - Features: ['0', '1', '2', '3', '4', '5', '6', '7', '8', '9', '10', '11', '12', '13']
2025-09-14 10:35:49,496 - __main__ - INFO - Target: label_stage_encoded
2025-09-14 10:35:49,496 - __main__ - INFO - Preparing preprocessed data for GRU training...
2025-09-14 10:35:49,535 - __main__ - INFO - Feature matrix shape: (500000, 14)
2025-09-14 10:35:49,535 - __main__ - INFO - Target vector shape: (500000,)
2025-09-14 10:35:51,858 - __main__ - INFO - Created 499873 sequences of length 128
2025-09-14 10:35:51,858 - __main__ - INFO - Sequence shape: (499873, 128, 14)
2025-09-14 10:35:51,858 - __main__ - INFO - Target shape: (499873,)
2025-09-14 10:35:51,858 - __main__ - INFO - Preprocessed data preparation completed successfully
2025-09-14 10:35:51,858 - __main__ - INFO - Final sequence shape: (499873, 128, 14)
2025-09-14 10:35:51,859 - __main__ - INFO - Final target shape: (499873,)
2025-09-14 10:35:51,862 - __main__ - INFO - Class distribution: [100000  99873 100000 100000 100000]
2025-09-14 10:35:51,867 - __main__ - INFO - System Info: 64 CPU cores, 374.4GB available RAM
2025-09-14 10:35:52,154 - __main__ - INFO - Found 7 GPU(s)
2025-09-14 10:35:52,157 - __main__ - INFO - GPU Device: NVIDIA A100-PCIE-40GB
2025-09-14 10:35:55,391 - __main__ - WARNING - GPU initialization failed: Bad StatusOr access: RESOURCE_EXHAUSTED: : CUDA_ERROR_OUT_OF_MEMORY: out of memory
2025-09-14 10:35:55,391 - __main__ - INFO - Falling back to CPU
2025-09-14 10:35:55,391 - __main__ - INFO - CPU optimized: 64 cores for parallel processing
