2025-09-14 12:27:30,642 - __main__ - INFO - Training session started at 2025-09-14 12:27:30
2025-09-14 12:27:30,642 - __main__ - INFO - Session logs will be saved to: gru_training_20250914-122730.log
2025-09-14 12:27:30,647 - __main__ - INFO - Configuration loaded successfully
2025-09-14 12:27:30,648 - __main__ - INFO - Model configuration:
GRU Model Configuration Summary:
================================
Architecture:
  - Input: 128 time steps × 14 features
  - 4x Bidirectional GRU layers (32 units each)
  - Output: 5 classes
  - Estimated parameters: ~86,853

Training Setup:
  - Learning rate: 0.001
  - Batch size: 64
  - Max epochs: 15
  - Dropout: 0.3
  - Validation split: 0.2
  - Early stopping patience: 2

Monitoring:
  - Metrics: accuracy, precision, recall, f1_score
  - Model save path: /fab3/btech/2022/siddhant.gond22b@iiitg.ac.in/Project_3/GRU/models/saved_Models/gru_experiment2.keras
2025-09-14 12:27:30,648 - __main__ - INFO - Loading data from /fab3/btech/2022/siddhant.gond22b@iiitg.ac.in/Research_Internship_Under_Dr_Rakesh_Matam/Project_3/dataset/combined_dataset_short_balanced_encoded_normalised.csv
2025-09-14 12:27:31,621 - __main__ - INFO - Data loaded successfully: (500000, 15)
2025-09-14 12:27:31,621 - __main__ - INFO - Features: ['0', '1', '2', '3', '4', '5', '6', '7', '8', '9', '10', '11', '12', '13']
2025-09-14 12:27:31,622 - __main__ - INFO - Target: label_stage_encoded
2025-09-14 12:27:31,622 - __main__ - INFO - Preparing preprocessed data for GRU training...
2025-09-14 12:27:31,660 - __main__ - INFO - Feature matrix shape: (500000, 14)
2025-09-14 12:27:31,660 - __main__ - INFO - Target vector shape: (500000,)
2025-09-14 12:27:31,662 - __main__ - INFO - Creating sequences with optimized vectorization...
2025-09-14 12:27:31,860 - __main__ - INFO - Processed 50000/499873 sequences (10.0%)
2025-09-14 12:27:32,058 - __main__ - INFO - Processed 100000/499873 sequences (20.0%)
2025-09-14 12:27:32,253 - __main__ - INFO - Processed 150000/499873 sequences (30.0%)
2025-09-14 12:27:32,450 - __main__ - INFO - Processed 200000/499873 sequences (40.0%)
2025-09-14 12:27:32,647 - __main__ - INFO - Processed 250000/499873 sequences (50.0%)
2025-09-14 12:27:32,848 - __main__ - INFO - Processed 300000/499873 sequences (60.0%)
2025-09-14 12:27:33,045 - __main__ - INFO - Processed 350000/499873 sequences (70.0%)
2025-09-14 12:27:33,240 - __main__ - INFO - Processed 400000/499873 sequences (80.0%)
2025-09-14 12:27:33,439 - __main__ - INFO - Processed 450000/499873 sequences (90.0%)
2025-09-14 12:27:33,637 - __main__ - INFO - Created 499873 sequences of length 128
2025-09-14 12:27:33,637 - __main__ - INFO - Sequence shape: (499873, 128, 14)
2025-09-14 12:27:33,637 - __main__ - INFO - Target shape: (499873,)
2025-09-14 12:27:33,637 - __main__ - INFO - Preprocessed data preparation completed successfully
2025-09-14 12:27:33,637 - __main__ - INFO - Final sequence shape: (499873, 128, 14)
2025-09-14 12:27:33,637 - __main__ - INFO - Final target shape: (499873,)
2025-09-14 12:27:33,641 - __main__ - INFO - Class distribution: [100000  99873 100000 100000 100000]
2025-09-14 12:27:33,644 - __main__ - INFO - === CPU-ONLY MODE ENABLED ===
2025-09-14 12:27:33,644 - __main__ - INFO - System Info: 64 CPU cores, 374.1GB available RAM
2025-09-14 12:27:33,644 - __main__ - INFO - TensorFlow configured for CPU with 64 cores - READY FOR TRAINING!
2025-09-14 12:27:33,645 - __main__ - INFO - Random seeds set to 42 for reproducibility
2025-09-14 12:27:33,645 - __main__ - INFO - === CPU-ONLY MODE ENABLED ===
2025-09-14 12:27:33,645 - __main__ - INFO - System Info: 64 CPU cores, 374.1GB available RAM
2025-09-14 12:27:33,645 - __main__ - INFO - TensorFlow configured for CPU with 64 cores - READY FOR TRAINING!
2025-09-14 12:27:33,645 - __main__ - INFO - Starting GRU model training...
2025-09-14 12:27:33,645 - __main__ - INFO - Optimizing data types for performance...
2025-09-14 12:27:33,645 - __main__ - INFO - Splitting data into training and validation sets...
2025-09-14 12:27:35,057 - __main__ - INFO - Training samples: 399,898
2025-09-14 12:27:35,057 - __main__ - INFO - Validation samples: 99,975
2025-09-14 12:27:35,057 - __main__ - INFO - Building model architecture...
2025-09-14 12:27:35,455 - tensorflow - INFO - precision metric will be calculated manually during evaluation
2025-09-14 12:27:35,455 - tensorflow - INFO - recall metric will be calculated manually during evaluation
2025-09-14 12:27:35,455 - tensorflow - INFO - f1_score metric will be calculated manually during evaluation
2025-09-14 12:27:35,458 - __main__ - INFO - Model built successfully in 0.40 seconds
2025-09-14 12:27:35,466 - __main__ - INFO - Model: "GRU_Model"
┏━━━━━━━━━━━━━━━━━━━━━━━━━━━━━┳━━━━━━━━━━━━━━━━━━━━━┳━━━━━━━━━━━━━┓
┃ Layer (type)                ┃ Output Shape        ┃     Param # ┃
┡━━━━━━━━━━━━━━━━━━━━━━━━━━━━━╇━━━━━━━━━━━━━━━━━━━━━╇━━━━━━━━━━━━━┩
│ bidirectional_gru_1         │ (None, 128, 64)     │       9,216 │
│ (Bidirectional)             │                     │             │
├─────────────────────────────┼─────────────────────┼─────────────┤
│ dropout_1 (Dropout)         │ (None, 128, 64)     │           0 │
├─────────────────────────────┼─────────────────────┼─────────────┤
│ bidirectional_gru_2         │ (None, 128, 64)     │      18,816 │
│ (Bidirectional)             │                     │             │
├─────────────────────────────┼─────────────────────┼─────────────┤
│ dropout_2 (Dropout)         │ (None, 128, 64)     │           0 │
├─────────────────────────────┼─────────────────────┼─────────────┤
│ bidirectional_gru_3         │ (None, 128, 64)     │      18,816 │
│ (Bidirectional)             │                     │             │
├─────────────────────────────┼─────────────────────┼─────────────┤
│ dropout_3 (Dropout)         │ (None, 128, 64)     │           0 │
├─────────────────────────────┼─────────────────────┼─────────────┤
│ bidirectional_gru_4         │ (None, 64)          │      18,816 │
│ (Bidirectional)             │                     │             │
├─────────────────────────────┼─────────────────────┼─────────────┤
│ dropout_4 (Dropout)         │ (None, 64)          │           0 │
├─────────────────────────────┼─────────────────────┼─────────────┤
│ output_layer (Dense)        │ (None, 5)           │         325 │
└─────────────────────────────┴─────────────────────┴─────────────┘
 Total params: 65,989 (257.77 KB)
 Trainable params: 65,989 (257.77 KB)
 Non-trainable params: 0 (0.00 B)

2025-09-14 12:27:35,466 - __main__ - INFO - Setting up training callbacks...
2025-09-14 12:27:35,467 - __main__ - INFO - === STARTING TRAINING PROCESS ===
2025-09-14 12:27:35,467 - __main__ - INFO - Device: CPU
2025-09-14 12:27:35,467 - __main__ - INFO - Batch size: 64
2025-09-14 12:27:35,467 - __main__ - INFO - Total batches per epoch: 6248
2025-09-14 18:24:25,443 - __main__ - INFO - Training completed successfully
2025-09-14 18:24:25,444 - __main__ - INFO - final_train_loss: 0.0060
2025-09-14 18:24:25,444 - __main__ - INFO - final_val_loss: 0.0046
2025-09-14 18:24:25,444 - __main__ - INFO - best_val_loss: 0.0046
2025-09-14 18:24:25,444 - __main__ - INFO - total_epochs: 15.0000
2025-09-14 18:24:25,444 - __main__ - INFO - final_train_accuracy: 0.9985
2025-09-14 18:24:25,444 - __main__ - INFO - final_val_accuracy: 0.9989
2025-09-14 18:24:25,444 - __main__ - INFO - best_val_accuracy: 0.9989
2025-09-14 18:24:25,444 - __main__ - INFO - Training session completed at 2025-09-14 18:24:25
2025-09-14 18:24:25,444 - __main__ - INFO - Timestamped log saved as: gru_training_20250914-122730.log
2025-09-14 18:24:25,444 - __main__ - INFO - CSV metrics saved as: training_metrics_20250914-122730.csv
2025-09-14 18:24:25,444 - __main__ - INFO - Generating training visualization plots...
2025-09-14 18:24:26,168 - __main__ - INFO - Training history plot saved to: /fab3/btech/2022/siddhant.gond22b@iiitg.ac.in/Research_Internship_Under_Dr_Rakesh_Matam/Project_3/GRU/plots/training_history_20250914-122730.png
2025-09-14 18:24:26,168 - __main__ - INFO - Evaluating model and generating evaluation plots...
2025-09-14 18:24:26,168 - __main__ - INFO - Starting comprehensive model evaluation...
2025-09-14 18:27:08,608 - __main__ - INFO - Confusion matrix plot saved to: /fab3/btech/2022/siddhant.gond22b@iiitg.ac.in/Research_Internship_Under_Dr_Rakesh_Matam/Project_3/GRU/plots/confusion_matrix_20250914-122730.png
2025-09-14 18:27:09,288 - __main__ - INFO - ROC curves plot saved to: /fab3/btech/2022/siddhant.gond22b@iiitg.ac.in/Research_Internship_Under_Dr_Rakesh_Matam/Project_3/GRU/plots/roc_curves_20250914-122730.png
2025-09-14 18:27:09,427 - __main__ - INFO - === VALIDATION METRICS ===
2025-09-14 18:27:09,427 - __main__ - INFO - Recon_precision: 1.0000
2025-09-14 18:27:09,427 - __main__ - INFO - Recon_recall: 1.0000
2025-09-14 18:27:09,428 - __main__ - INFO - Recon_f1_score: 1.0000
2025-09-14 18:27:09,428 - __main__ - INFO - Exploitation_precision: 0.9996
2025-09-14 18:27:09,428 - __main__ - INFO - Exploitation_recall: 0.9950
2025-09-14 18:27:09,428 - __main__ - INFO - Exploitation_f1_score: 0.9973
2025-09-14 18:27:09,428 - __main__ - INFO - C&C_precision: 1.0000
2025-09-14 18:27:09,428 - __main__ - INFO - C&C_recall: 1.0000
2025-09-14 18:27:09,428 - __main__ - INFO - C&C_f1_score: 1.0000
2025-09-14 18:27:09,428 - __main__ - INFO - Attack_precision: 1.0000
2025-09-14 18:27:09,428 - __main__ - INFO - Attack_recall: 1.0000
2025-09-14 18:27:09,428 - __main__ - INFO - Attack_f1_score: 1.0000
2025-09-14 18:27:09,428 - __main__ - INFO - Benign_precision: 0.9951
2025-09-14 18:27:09,428 - __main__ - INFO - Benign_recall: 0.9996
2025-09-14 18:27:09,428 - __main__ - INFO - Benign_f1_score: 0.9974
2025-09-14 18:27:09,428 - __main__ - INFO - overall_precision: 0.9989
2025-09-14 18:27:09,428 - __main__ - INFO - overall_recall: 0.9989
2025-09-14 18:27:09,428 - __main__ - INFO - overall_f1_score: 0.9989
2025-09-14 18:27:09,428 - __main__ - INFO - Recon_auc: 1.0000
2025-09-14 18:27:09,428 - __main__ - INFO - Exploitation_auc: 0.9998
2025-09-14 18:27:09,428 - __main__ - INFO - C&C_auc: 1.0000
2025-09-14 18:27:09,428 - __main__ - INFO - Attack_auc: 1.0000
2025-09-14 18:27:09,428 - __main__ - INFO - Benign_auc: 0.9998
2025-09-14 18:27:09,428 - __main__ - INFO - macro_avg_auc: 0.9999
2025-09-14 18:27:09,428 - __main__ - INFO - weighted_avg_auc: 0.9999
2025-09-14 18:27:09,449 - __main__ - INFO - === DETAILED CLASSIFICATION REPORT ===
2025-09-14 18:27:09,471 - __main__ - INFO - 
              precision    recall  f1-score   support

       Recon       1.00      1.00      1.00     20000
Exploitation       1.00      1.00      1.00     19975
         C&C       1.00      1.00      1.00     20000
      Attack       1.00      1.00      1.00     20000
      Benign       1.00      1.00      1.00     20000

    accuracy                           1.00     99975
   macro avg       1.00      1.00      1.00     99975
weighted avg       1.00      1.00      1.00     99975

2025-09-14 18:27:09,471 - __main__ - INFO - Model evaluation and plotting completed successfully
2025-09-14 18:27:09,552 - __main__ - INFO - Final model saved to: /fab3/btech/2022/siddhant.gond22b@iiitg.ac.in/Project_3/GRU/models/saved_Models/gru_experiment2_final.keras
2025-09-14 18:27:09,552 - __main__ - INFO - Training pipeline completed successfully!
