2025-09-14 12:17:44,158 - __main__ - INFO - Training session started at 2025-09-14 12:17:44
2025-09-14 12:17:44,158 - __main__ - INFO - Session logs will be saved to: gru_training_20250914-121744.log
2025-09-14 12:17:44,161 - __main__ - INFO - Configuration loaded successfully
2025-09-14 12:17:44,161 - __main__ - INFO - Model configuration:
GRU Model Configuration Summary:
================================
Architecture:
  - Input: 128 time steps × 14 features
  - 4x Bidirectional GRU layers (32 units each)
  - Output: 5 classes
  - Estimated parameters: ~86,853

Training Setup:
  - Learning rate: 0.001
  - Batch size: 64
  - Max epochs: 15
  - Dropout: 0.3
  - Validation split: 0.2
  - Early stopping patience: 2

Monitoring:
  - Metrics: accuracy, precision, recall, f1_score
  - Model save path: /fab3/btech/2022/siddhant.gond22b@iiitg.ac.in/Project_3/GRU/models/saved_Models/gru_experiment2.keras
2025-09-14 12:17:44,161 - __main__ - INFO - Loading data from /fab3/btech/2022/siddhant.gond22b@iiitg.ac.in/Research_Internship_Under_Dr_Rakesh_Matam/Project_3/dataset/combined_dataset_short_balanced_encoded_normalised.csv
2025-09-14 12:17:45,026 - __main__ - INFO - Data loaded successfully: (500000, 15)
2025-09-14 12:17:45,027 - __main__ - INFO - Features: ['0', '1', '2', '3', '4', '5', '6', '7', '8', '9', '10', '11', '12', '13']
2025-09-14 12:17:45,027 - __main__ - INFO - Target: label_stage_encoded
2025-09-14 12:17:45,027 - __main__ - INFO - Preparing preprocessed data for GRU training...
2025-09-14 12:17:45,065 - __main__ - INFO - Feature matrix shape: (500000, 14)
2025-09-14 12:17:45,065 - __main__ - INFO - Target vector shape: (500000,)
2025-09-14 12:17:45,066 - __main__ - INFO - Creating sequences with optimized vectorization...
2025-09-14 12:17:45,266 - __main__ - INFO - Processed 50000/499873 sequences (10.0%)
2025-09-14 12:17:45,465 - __main__ - INFO - Processed 100000/499873 sequences (20.0%)
2025-09-14 12:17:45,715 - __main__ - INFO - Processed 150000/499873 sequences (30.0%)
2025-09-14 12:17:45,917 - __main__ - INFO - Processed 200000/499873 sequences (40.0%)
2025-09-14 12:17:46,154 - __main__ - INFO - Processed 250000/499873 sequences (50.0%)
2025-09-14 12:17:46,369 - __main__ - INFO - Processed 300000/499873 sequences (60.0%)
2025-09-14 12:17:46,567 - __main__ - INFO - Processed 350000/499873 sequences (70.0%)
2025-09-14 12:17:46,768 - __main__ - INFO - Processed 400000/499873 sequences (80.0%)
2025-09-14 12:17:47,064 - __main__ - INFO - Processed 450000/499873 sequences (90.0%)
2025-09-14 12:17:47,336 - __main__ - INFO - Created 499873 sequences of length 128
2025-09-14 12:17:47,336 - __main__ - INFO - Sequence shape: (499873, 128, 14)
2025-09-14 12:17:47,336 - __main__ - INFO - Target shape: (499873,)
2025-09-14 12:17:47,336 - __main__ - INFO - Preprocessed data preparation completed successfully
2025-09-14 12:17:47,336 - __main__ - INFO - Final sequence shape: (499873, 128, 14)
2025-09-14 12:17:47,336 - __main__ - INFO - Final target shape: (499873,)
2025-09-14 12:17:47,339 - __main__ - INFO - Class distribution: [100000  99873 100000 100000 100000]
2025-09-14 12:17:47,342 - __main__ - INFO - System Info: 64 CPU cores, 372.6GB available RAM
2025-09-14 12:17:47,613 - __main__ - INFO - Found 7 GPU(s)
2025-09-14 12:17:47,615 - __main__ - INFO - GPU Device: NVIDIA A100-PCIE-40GB
2025-09-14 12:17:51,698 - __main__ - WARNING - GPU initialization failed: Bad StatusOr access: RESOURCE_EXHAUSTED: : CUDA_ERROR_OUT_OF_MEMORY: out of memory
2025-09-14 12:17:51,698 - __main__ - INFO - Falling back to CPU
2025-09-14 12:17:51,698 - __main__ - INFO - CPU optimized: 64 cores for parallel processing
2025-09-14 12:17:51,698 - __main__ - INFO - TensorFlow configured for CPU - ready for training!
2025-09-14 12:17:51,699 - __main__ - INFO - Random seeds set to 42 for reproducibility
2025-09-14 12:17:51,699 - __main__ - INFO - System Info: 64 CPU cores, 371.9GB available RAM
2025-09-14 12:17:51,699 - __main__ - INFO - Found 7 GPU(s)
