2025-09-12 16:54:19,187 - __main__ - INFO - Training session started at 2025-09-12 16:54:19
2025-09-12 16:54:19,188 - __main__ - INFO - Session logs will be saved to: gru_training_20250912-165419.log
2025-09-12 16:54:19,191 - __main__ - INFO - Configuration loaded successfully
2025-09-12 16:54:19,192 - __main__ - INFO - Model configuration:
GRU Model Configuration Summary:
================================
Architecture:
  - Input: 64 time steps × 14 features
  - 3x GRU layers (16 units each)
  - Output: 5 classes
  - Estimated parameters: ~6,293

Training Setup:
  - Learning rate: 0.001
  - Batch size: 16
  - Max epochs: 15
  - Dropout: 0.3
  - Validation split: 0.2
  - Early stopping patience: 2

Monitoring:
  - Metrics: accuracy, val_loss, precision, recall, f1_score
  - Model save path: /fab3/btech/2022/siddhant.gond22b@iiitg.ac.in/Project_3/GRU/models/saved_Models/gru_experiment1.keras
2025-09-12 16:54:19,192 - __main__ - INFO - Loading data from /fab3/btech/2022/siddhant.gond22b@iiitg.ac.in/Project_3/dataset/combined_dataset_short_balanced_encoded_normalised.csv
2025-09-12 16:54:20,991 - __main__ - INFO - Data loaded successfully: (500000, 15)
2025-09-12 16:54:20,992 - __main__ - INFO - Features: ['0', '1', '2', '3', '4', '5', '6', '7', '8', '9', '10', '11', '12', '13']
2025-09-12 16:54:20,992 - __main__ - INFO - Target: label_stage_encoded
2025-09-12 16:54:20,992 - __main__ - INFO - Preparing preprocessed data for GRU training...
2025-09-12 16:54:21,038 - __main__ - INFO - Feature matrix shape: (500000, 14)
2025-09-12 16:54:21,038 - __main__ - INFO - Target vector shape: (500000,)
2025-09-12 16:54:22,864 - __main__ - INFO - Created 499937 sequences of length 64
2025-09-12 16:54:22,864 - __main__ - INFO - Sequence shape: (499937, 64, 14)
2025-09-12 16:54:22,865 - __main__ - INFO - Target shape: (499937,)
2025-09-12 16:54:22,865 - __main__ - INFO - Preprocessed data preparation completed successfully
2025-09-12 16:54:22,865 - __main__ - INFO - Final sequence shape: (499937, 64, 14)
2025-09-12 16:54:22,865 - __main__ - INFO - Final target shape: (499937,)
2025-09-12 16:54:22,867 - __main__ - INFO - Class distribution: [100000  99937 100000 100000 100000]
2025-09-12 16:54:22,868 - __main__ - INFO - Random seeds set to 42 for reproducibility
2025-09-12 16:54:22,959 - __main__ - INFO - No GPUs detected - using CPU only
2025-09-12 16:54:22,975 - __main__ - INFO - TensorFlow configured for CPU usage. Test tensor device: /job:localhost/replica:0/task:0/device:CPU:0
2025-09-12 16:54:22,975 - __main__ - INFO - Starting GRU model training...
2025-09-12 16:54:23,950 - __main__ - INFO - Training samples: 399949
2025-09-12 16:54:23,950 - __main__ - INFO - Validation samples: 99988
2025-09-12 16:54:23,950 - __main__ - ERROR - Training pipeline failed: 'GRUConfig' object has no attribute 'input_shape'
2025-09-12 16:54:23,950 - __main__ - ERROR - Full traceback:
Traceback (most recent call last):
  File "/fab3/btech/2022/siddhant.gond22b@iiitg.ac.in/Project_3/GRU/scripts/train.py", line 597, in main
    model, history = trainer.train(X, y)
                     ~~~~~~~~~~~~~^^^^^^
  File "/fab3/btech/2022/siddhant.gond22b@iiitg.ac.in/Project_3/GRU/scripts/train.py", line 488, in train
    self.model = build_gru_model(self.config)
                 ~~~~~~~~~~~~~~~^^^^^^^^^^^^^
  File "/fab3/btech/2022/siddhant.gond22b@iiitg.ac.in/Project_3/GRU/gru/model_builder.py", line 289, in build_gru_model
    return GRUModelBuilder.build_gru_model(config)
           ~~~~~~~~~~~~~~~~~~~~~~~~~~~~~~~^^^^^^^^
  File "/fab3/btech/2022/siddhant.gond22b@iiitg.ac.in/Project_3/GRU/gru/model_builder.py", line 272, in build_gru_model
    builder = GRUModelBuilder(config)
  File "/fab3/btech/2022/siddhant.gond22b@iiitg.ac.in/Project_3/GRU/gru/model_builder.py", line 29, in __init__
    self.validate_config()
    ~~~~~~~~~~~~~~~~~~~~^^
  File "/fab3/btech/2022/siddhant.gond22b@iiitg.ac.in/Project_3/GRU/gru/model_builder.py", line 66, in validate_config
    if self.config.input_shape is None or len(self.config.input_shape) != 2:
       ^^^^^^^^^^^^^^^^^^^^^^^
  File "/fab3/btech/2022/siddhant.gond22b@iiitg.ac.in/miniconda3/lib/python3.13/site-packages/pydantic/main.py", line 991, in __getattr__
    raise AttributeError(f'{type(self).__name__!r} object has no attribute {item!r}')
AttributeError: 'GRUConfig' object has no attribute 'input_shape'
