2025-09-15 18:14:55,455 - griffin_training - INFO - Training pipeline initialized successfully
2025-09-15 18:14:55,455 - griffin_training - INFO - Starting complete GRIFFIN training pipeline
2025-09-15 18:14:55,455 - griffin_training - INFO - Loading data from: /fab3/btech/2022/siddhant.gond22b@iiitg.ac.in/Research_Internship_Under_Dr_Rakesh_Matam/Project_2/data/processed_data/train_data.csv
2025-09-15 18:16:06,458 - griffin_training - INFO - Training pipeline initialized successfully
2025-09-15 18:16:06,458 - griffin_training - INFO - Starting complete GRIFFIN training pipeline
2025-09-15 18:16:06,459 - griffin_training - INFO - Loading data from: /fab3/btech/2022/siddhant.gond22b@iiitg.ac.in/Research_Internship_Under_Dr_Rakesh_Matam/Project_2/data/processed_data/train_data.csv
2025-09-15 18:17:30,387 - griffin_training - INFO - Training pipeline initialized successfully
2025-09-15 18:17:30,388 - griffin_training - INFO - Starting complete GRIFFIN training pipeline
2025-09-15 18:17:30,388 - griffin_training - INFO - Loading data from: /fab3/btech/2022/siddhant.gond22b@iiitg.ac.in/Research_Internship_Under_Dr_Rakesh_Matam/Project_2/data/processed_data/train_data.csv
2025-09-15 18:18:27,499 - griffin_training - INFO - Training pipeline initialized successfully
2025-09-15 18:18:27,499 - griffin_training - INFO - Starting complete GRIFFIN training pipeline
2025-09-15 18:18:27,499 - griffin_training - INFO - Loading data from: /fab3/btech/2022/siddhant.gond22b@iiitg.ac.in/Research_Internship_Under_Dr_Rakesh_Matam/Project_2/data/processed_data/train_data.csv
2025-09-15 18:18:38,293 - griffin_training - INFO - Data loaded successfully:
2025-09-15 18:18:38,293 - griffin_training - INFO -   - Samples: 683,706
2025-09-15 18:18:38,293 - griffin_training - INFO -   - Features: 40
2025-09-15 18:18:38,293 - griffin_training - INFO -   - Classes: 34
2025-09-15 18:18:38,293 - griffin_training - INFO -   - Class distribution: {'Backdoor_Malware': np.int64(751), 'BenignTraffic': np.int64(658916), 'BrowserHijacking': np.int64(751), 'CommandInjection': np.int64(751), 'DDoS-ACK_Fragmentation': np.int64(752), 'DDoS-HTTP_Flood': np.int64(751), 'DDoS-ICMP_Flood': np.int64(751), 'DDoS-ICMP_Fragmentation': np.int64(751), 'DDoS-PSHACK_Flood': np.int64(751), 'DDoS-RSTFINFlood': np.int64(752), 'DDoS-SYN_Flood': np.int64(751), 'DDoS-SlowLoris': np.int64(751), 'DDoS-SynonymousIP_Flood': np.int64(752), 'DDoS-TCP_Flood': np.int64(751), 'DDoS-UDP_Flood': np.int64(752), 'DDoS-UDP_Fragmentation': np.int64(751), 'DNS_Spoofing': np.int64(751), 'DictionaryBruteForce': np.int64(751), 'DoS-HTTP_Flood': np.int64(751), 'DoS-SYN_Flood': np.int64(751), 'DoS-TCP_Flood': np.int64(751), 'DoS-UDP_Flood': np.int64(751), 'MITM-ArpSpoofing': np.int64(752), 'Mirai-greeth_flood': np.int64(751), 'Mirai-greip_flood': np.int64(751), 'Mirai-udpplain': np.int64(751), 'Recon-HostDiscovery': np.int64(751), 'Recon-OSScan': np.int64(751), 'Recon-PingSweep': np.int64(751), 'Recon-PortScan': np.int64(751), 'SqlInjection': np.int64(752), 'Uploading_Attack': np.int64(751), 'VulnerabilityScan': np.int64(752), 'XSS': np.int64(751)}
2025-09-15 18:18:38,293 - griffin_training - WARNING - Feature count mismatch. Expected: 46, Actual: 40
2025-09-15 18:18:38,293 - griffin_training - INFO - Updated output dimension to 34 classes
2025-09-15 18:18:38,293 - griffin_training - INFO - Creating GRIFFIN model
2025-09-15 18:18:38,317 - griffin_training - INFO - Model created successfully:
2025-09-15 18:18:38,317 - griffin_training - INFO -   - Total parameters: 15,627
2025-09-15 18:18:38,317 - griffin_training - INFO -   - Trainable parameters: 15,627
2025-09-15 18:18:38,317 - griffin_training - INFO -   - Model size: 0.06 MB
2025-09-15 18:18:38,317 - griffin_training - INFO - Starting model training
2025-09-15 18:18:38,317 - griffin_training - INFO - Starting GRIFFIN training...
2025-09-15 18:19:51,713 - griffin_training - INFO - Training pipeline initialized successfully
2025-09-15 18:19:51,713 - griffin_training - INFO - Starting complete GRIFFIN training pipeline
2025-09-15 18:19:51,713 - griffin_training - INFO - Loading data from: /fab3/btech/2022/siddhant.gond22b@iiitg.ac.in/Research_Internship_Under_Dr_Rakesh_Matam/Project_2/data/processed_data/train_data.csv
2025-09-15 18:20:03,034 - griffin_training - INFO - Data loaded successfully:
2025-09-15 18:20:03,034 - griffin_training - INFO -   - Samples: 683,706
2025-09-15 18:20:03,034 - griffin_training - INFO -   - Features: 40
2025-09-15 18:20:03,034 - griffin_training - INFO -   - Classes: 34
2025-09-15 18:20:03,034 - griffin_training - INFO -   - Class distribution: {'Backdoor_Malware': np.int64(751), 'BenignTraffic': np.int64(658916), 'BrowserHijacking': np.int64(751), 'CommandInjection': np.int64(751), 'DDoS-ACK_Fragmentation': np.int64(752), 'DDoS-HTTP_Flood': np.int64(751), 'DDoS-ICMP_Flood': np.int64(751), 'DDoS-ICMP_Fragmentation': np.int64(751), 'DDoS-PSHACK_Flood': np.int64(751), 'DDoS-RSTFINFlood': np.int64(752), 'DDoS-SYN_Flood': np.int64(751), 'DDoS-SlowLoris': np.int64(751), 'DDoS-SynonymousIP_Flood': np.int64(752), 'DDoS-TCP_Flood': np.int64(751), 'DDoS-UDP_Flood': np.int64(752), 'DDoS-UDP_Fragmentation': np.int64(751), 'DNS_Spoofing': np.int64(751), 'DictionaryBruteForce': np.int64(751), 'DoS-HTTP_Flood': np.int64(751), 'DoS-SYN_Flood': np.int64(751), 'DoS-TCP_Flood': np.int64(751), 'DoS-UDP_Flood': np.int64(751), 'MITM-ArpSpoofing': np.int64(752), 'Mirai-greeth_flood': np.int64(751), 'Mirai-greip_flood': np.int64(751), 'Mirai-udpplain': np.int64(751), 'Recon-HostDiscovery': np.int64(751), 'Recon-OSScan': np.int64(751), 'Recon-PingSweep': np.int64(751), 'Recon-PortScan': np.int64(751), 'SqlInjection': np.int64(752), 'Uploading_Attack': np.int64(751), 'VulnerabilityScan': np.int64(752), 'XSS': np.int64(751)}
2025-09-15 18:20:03,034 - griffin_training - INFO - Creating GRIFFIN model
2025-09-15 18:20:03,050 - griffin_training - INFO - Model created successfully:
2025-09-15 18:20:03,050 - griffin_training - INFO -   - Total parameters: 16,179
2025-09-15 18:20:03,050 - griffin_training - INFO -   - Trainable parameters: 16,179
2025-09-15 18:20:03,050 - griffin_training - INFO -   - Model size: 0.06 MB
2025-09-15 18:20:03,051 - griffin_training - INFO - Starting model training
2025-09-15 18:20:03,051 - griffin_training - INFO - Starting GRIFFIN training...
2025-09-15 18:20:57,225 - griffin_training - INFO - Training pipeline initialized successfully
2025-09-15 18:20:57,225 - griffin_training - INFO - Starting complete GRIFFIN training pipeline
2025-09-15 18:20:57,225 - griffin_training - INFO - Loading data from: /fab3/btech/2022/siddhant.gond22b@iiitg.ac.in/Research_Internship_Under_Dr_Rakesh_Matam/Project_2/data/processed_data/train_data.csv
2025-09-15 18:21:07,771 - griffin_training - INFO - Data loaded successfully:
2025-09-15 18:21:07,772 - griffin_training - INFO -   - Samples: 683,706
2025-09-15 18:21:07,772 - griffin_training - INFO -   - Features: 40
2025-09-15 18:21:07,772 - griffin_training - INFO -   - Classes: 34
2025-09-15 18:21:07,772 - griffin_training - INFO -   - Class distribution: {'Backdoor_Malware': np.int64(751), 'BenignTraffic': np.int64(658916), 'BrowserHijacking': np.int64(751), 'CommandInjection': np.int64(751), 'DDoS-ACK_Fragmentation': np.int64(752), 'DDoS-HTTP_Flood': np.int64(751), 'DDoS-ICMP_Flood': np.int64(751), 'DDoS-ICMP_Fragmentation': np.int64(751), 'DDoS-PSHACK_Flood': np.int64(751), 'DDoS-RSTFINFlood': np.int64(752), 'DDoS-SYN_Flood': np.int64(751), 'DDoS-SlowLoris': np.int64(751), 'DDoS-SynonymousIP_Flood': np.int64(752), 'DDoS-TCP_Flood': np.int64(751), 'DDoS-UDP_Flood': np.int64(752), 'DDoS-UDP_Fragmentation': np.int64(751), 'DNS_Spoofing': np.int64(751), 'DictionaryBruteForce': np.int64(751), 'DoS-HTTP_Flood': np.int64(751), 'DoS-SYN_Flood': np.int64(751), 'DoS-TCP_Flood': np.int64(751), 'DoS-UDP_Flood': np.int64(751), 'MITM-ArpSpoofing': np.int64(752), 'Mirai-greeth_flood': np.int64(751), 'Mirai-greip_flood': np.int64(751), 'Mirai-udpplain': np.int64(751), 'Recon-HostDiscovery': np.int64(751), 'Recon-OSScan': np.int64(751), 'Recon-PingSweep': np.int64(751), 'Recon-PortScan': np.int64(751), 'SqlInjection': np.int64(752), 'Uploading_Attack': np.int64(751), 'VulnerabilityScan': np.int64(752), 'XSS': np.int64(751)}
2025-09-15 18:21:07,772 - griffin_training - INFO - Creating GRIFFIN model
2025-09-15 18:21:07,788 - griffin_training - INFO - Model created successfully:
2025-09-15 18:21:07,788 - griffin_training - INFO -   - Total parameters: 16,179
2025-09-15 18:21:07,788 - griffin_training - INFO -   - Trainable parameters: 16,179
2025-09-15 18:21:07,788 - griffin_training - INFO -   - Model size: 0.06 MB
2025-09-15 18:21:07,788 - griffin_training - INFO - Starting model training
2025-09-15 18:21:07,788 - griffin_training - INFO - Starting GRIFFIN training...
2025-09-15 18:22:45,066 - griffin_training - INFO - Training pipeline initialized successfully
2025-09-15 18:22:45,066 - griffin_training - INFO - Starting complete GRIFFIN training pipeline
2025-09-15 18:22:45,066 - griffin_training - INFO - Loading data from: /fab3/btech/2022/siddhant.gond22b@iiitg.ac.in/Research_Internship_Under_Dr_Rakesh_Matam/Project_2/data/processed_data/train_data.csv
2025-09-15 18:22:56,712 - griffin_training - INFO - Data loaded successfully:
2025-09-15 18:22:56,713 - griffin_training - INFO -   - Samples: 683,706
2025-09-15 18:22:56,713 - griffin_training - INFO -   - Features: 40
2025-09-15 18:22:56,713 - griffin_training - INFO -   - Classes: 34
2025-09-15 18:22:56,713 - griffin_training - INFO -   - Class distribution: {'Backdoor_Malware': np.int64(751), 'BenignTraffic': np.int64(658916), 'BrowserHijacking': np.int64(751), 'CommandInjection': np.int64(751), 'DDoS-ACK_Fragmentation': np.int64(752), 'DDoS-HTTP_Flood': np.int64(751), 'DDoS-ICMP_Flood': np.int64(751), 'DDoS-ICMP_Fragmentation': np.int64(751), 'DDoS-PSHACK_Flood': np.int64(751), 'DDoS-RSTFINFlood': np.int64(752), 'DDoS-SYN_Flood': np.int64(751), 'DDoS-SlowLoris': np.int64(751), 'DDoS-SynonymousIP_Flood': np.int64(752), 'DDoS-TCP_Flood': np.int64(751), 'DDoS-UDP_Flood': np.int64(752), 'DDoS-UDP_Fragmentation': np.int64(751), 'DNS_Spoofing': np.int64(751), 'DictionaryBruteForce': np.int64(751), 'DoS-HTTP_Flood': np.int64(751), 'DoS-SYN_Flood': np.int64(751), 'DoS-TCP_Flood': np.int64(751), 'DoS-UDP_Flood': np.int64(751), 'MITM-ArpSpoofing': np.int64(752), 'Mirai-greeth_flood': np.int64(751), 'Mirai-greip_flood': np.int64(751), 'Mirai-udpplain': np.int64(751), 'Recon-HostDiscovery': np.int64(751), 'Recon-OSScan': np.int64(751), 'Recon-PingSweep': np.int64(751), 'Recon-PortScan': np.int64(751), 'SqlInjection': np.int64(752), 'Uploading_Attack': np.int64(751), 'VulnerabilityScan': np.int64(752), 'XSS': np.int64(751)}
2025-09-15 18:22:56,713 - griffin_training - INFO - Creating GRIFFIN model
2025-09-15 18:22:56,728 - griffin_training - INFO - Model created successfully:
2025-09-15 18:22:56,728 - griffin_training - INFO -   - Total parameters: 16,179
2025-09-15 18:22:56,728 - griffin_training - INFO -   - Trainable parameters: 16,179
2025-09-15 18:22:56,728 - griffin_training - INFO -   - Model size: 0.06 MB
2025-09-15 18:22:56,728 - griffin_training - INFO - Starting model training
2025-09-15 18:22:56,728 - griffin_training - INFO - Starting GRIFFIN training...
2025-09-15 18:24:27,557 - griffin_training - INFO - Training pipeline initialized successfully
2025-09-15 18:24:27,557 - griffin_training - INFO - Starting complete GRIFFIN training pipeline
2025-09-15 18:24:27,557 - griffin_training - INFO - Loading data from: /fab3/btech/2022/siddhant.gond22b@iiitg.ac.in/Research_Internship_Under_Dr_Rakesh_Matam/Project_2/data/processed_data/train_data.csv
2025-09-15 18:24:39,186 - griffin_training - INFO - Data loaded successfully:
2025-09-15 18:24:39,186 - griffin_training - INFO -   - Samples: 683,706
2025-09-15 18:24:39,187 - griffin_training - INFO -   - Features: 40
2025-09-15 18:24:39,187 - griffin_training - INFO -   - Classes: 34
2025-09-15 18:24:39,187 - griffin_training - INFO -   - Class distribution: {'Backdoor_Malware': np.int64(751), 'BenignTraffic': np.int64(658916), 'BrowserHijacking': np.int64(751), 'CommandInjection': np.int64(751), 'DDoS-ACK_Fragmentation': np.int64(752), 'DDoS-HTTP_Flood': np.int64(751), 'DDoS-ICMP_Flood': np.int64(751), 'DDoS-ICMP_Fragmentation': np.int64(751), 'DDoS-PSHACK_Flood': np.int64(751), 'DDoS-RSTFINFlood': np.int64(752), 'DDoS-SYN_Flood': np.int64(751), 'DDoS-SlowLoris': np.int64(751), 'DDoS-SynonymousIP_Flood': np.int64(752), 'DDoS-TCP_Flood': np.int64(751), 'DDoS-UDP_Flood': np.int64(752), 'DDoS-UDP_Fragmentation': np.int64(751), 'DNS_Spoofing': np.int64(751), 'DictionaryBruteForce': np.int64(751), 'DoS-HTTP_Flood': np.int64(751), 'DoS-SYN_Flood': np.int64(751), 'DoS-TCP_Flood': np.int64(751), 'DoS-UDP_Flood': np.int64(751), 'MITM-ArpSpoofing': np.int64(752), 'Mirai-greeth_flood': np.int64(751), 'Mirai-greip_flood': np.int64(751), 'Mirai-udpplain': np.int64(751), 'Recon-HostDiscovery': np.int64(751), 'Recon-OSScan': np.int64(751), 'Recon-PingSweep': np.int64(751), 'Recon-PortScan': np.int64(751), 'SqlInjection': np.int64(752), 'Uploading_Attack': np.int64(751), 'VulnerabilityScan': np.int64(752), 'XSS': np.int64(751)}
2025-09-15 18:24:39,187 - griffin_training - INFO - Creating GRIFFIN model
2025-09-15 18:24:39,203 - griffin_training - INFO - Model created successfully:
2025-09-15 18:24:39,203 - griffin_training - INFO -   - Total parameters: 16,179
2025-09-15 18:24:39,203 - griffin_training - INFO -   - Trainable parameters: 16,179
2025-09-15 18:24:39,203 - griffin_training - INFO -   - Model size: 0.06 MB
2025-09-15 18:24:39,203 - griffin_training - INFO - Starting model training
2025-09-15 18:24:39,204 - griffin_training - INFO - Starting GRIFFIN training...
2025-09-15 18:25:25,914 - griffin_training - INFO - Training pipeline initialized successfully
2025-09-15 18:25:25,914 - griffin_training - INFO - Starting complete GRIFFIN training pipeline
2025-09-15 18:25:25,914 - griffin_training - INFO - Loading data from: /fab3/btech/2022/siddhant.gond22b@iiitg.ac.in/Research_Internship_Under_Dr_Rakesh_Matam/Project_2/data/processed_data/train_data.csv
2025-09-15 18:25:37,289 - griffin_training - INFO - Data loaded successfully:
2025-09-15 18:25:37,290 - griffin_training - INFO -   - Samples: 683,706
2025-09-15 18:25:37,290 - griffin_training - INFO -   - Features: 40
2025-09-15 18:25:37,290 - griffin_training - INFO -   - Classes: 34
2025-09-15 18:25:37,290 - griffin_training - INFO -   - Class distribution: {'Backdoor_Malware': np.int64(751), 'BenignTraffic': np.int64(658916), 'BrowserHijacking': np.int64(751), 'CommandInjection': np.int64(751), 'DDoS-ACK_Fragmentation': np.int64(752), 'DDoS-HTTP_Flood': np.int64(751), 'DDoS-ICMP_Flood': np.int64(751), 'DDoS-ICMP_Fragmentation': np.int64(751), 'DDoS-PSHACK_Flood': np.int64(751), 'DDoS-RSTFINFlood': np.int64(752), 'DDoS-SYN_Flood': np.int64(751), 'DDoS-SlowLoris': np.int64(751), 'DDoS-SynonymousIP_Flood': np.int64(752), 'DDoS-TCP_Flood': np.int64(751), 'DDoS-UDP_Flood': np.int64(752), 'DDoS-UDP_Fragmentation': np.int64(751), 'DNS_Spoofing': np.int64(751), 'DictionaryBruteForce': np.int64(751), 'DoS-HTTP_Flood': np.int64(751), 'DoS-SYN_Flood': np.int64(751), 'DoS-TCP_Flood': np.int64(751), 'DoS-UDP_Flood': np.int64(751), 'MITM-ArpSpoofing': np.int64(752), 'Mirai-greeth_flood': np.int64(751), 'Mirai-greip_flood': np.int64(751), 'Mirai-udpplain': np.int64(751), 'Recon-HostDiscovery': np.int64(751), 'Recon-OSScan': np.int64(751), 'Recon-PingSweep': np.int64(751), 'Recon-PortScan': np.int64(751), 'SqlInjection': np.int64(752), 'Uploading_Attack': np.int64(751), 'VulnerabilityScan': np.int64(752), 'XSS': np.int64(751)}
2025-09-15 18:25:37,290 - griffin_training - INFO - Creating GRIFFIN model
2025-09-15 18:25:37,306 - griffin_training - INFO - Model created successfully:
2025-09-15 18:25:37,306 - griffin_training - INFO -   - Total parameters: 16,179
2025-09-15 18:25:37,306 - griffin_training - INFO -   - Trainable parameters: 16,179
2025-09-15 18:25:37,306 - griffin_training - INFO -   - Model size: 0.06 MB
2025-09-15 18:25:37,306 - griffin_training - INFO - Starting model training
2025-09-15 18:25:37,306 - griffin_training - INFO - Starting GRIFFIN training...
2025-09-15 18:27:38,752 - griffin_training - INFO - Epoch   1 | Train Loss: 1.0156 | Train Acc: 0.5117 | Val Loss: 0.4669 | Val Acc: 0.7802
2025-09-15 18:29:35,524 - griffin_training - INFO - Epoch   2 | Train Loss: 0.4869 | Train Acc: 0.5741 | Val Loss: 0.3875 | Val Acc: 0.6293
2025-09-15 18:31:35,612 - griffin_training - INFO - Epoch   3 | Train Loss: 0.4009 | Train Acc: 0.6554 | Val Loss: 0.3263 | Val Acc: 0.6164
2025-09-15 18:33:32,085 - griffin_training - INFO - Epoch   4 | Train Loss: 0.3531 | Train Acc: 0.7253 | Val Loss: 0.2649 | Val Acc: 0.9224
2025-09-15 18:35:27,824 - griffin_training - INFO - Epoch   5 | Train Loss: 0.3277 | Train Acc: 0.7435 | Val Loss: 0.2402 | Val Acc: 0.9002
2025-09-15 18:37:22,260 - griffin_training - INFO - Epoch   6 | Train Loss: 0.3038 | Train Acc: 0.7693 | Val Loss: 0.2582 | Val Acc: 0.8826
2025-09-15 18:39:19,549 - griffin_training - INFO - Epoch   7 | Train Loss: 0.2892 | Train Acc: 0.7822 | Val Loss: 0.2169 | Val Acc: 0.9664
2025-09-15 18:41:10,464 - griffin_training - INFO - Epoch   8 | Train Loss: 0.2794 | Train Acc: 0.7752 | Val Loss: 0.2627 | Val Acc: 0.5851
2025-09-15 18:43:02,811 - griffin_training - INFO - Epoch   9 | Train Loss: 0.2634 | Train Acc: 0.7986 | Val Loss: 0.1984 | Val Acc: 0.9946
2025-09-15 18:44:52,292 - griffin_training - INFO - Epoch  10 | Train Loss: 0.2531 | Train Acc: 0.7978 | Val Loss: 0.2109 | Val Acc: 0.9558
2025-09-15 18:46:38,386 - griffin_training - INFO - Epoch  11 | Train Loss: 0.2446 | Train Acc: 0.8133 | Val Loss: 0.1917 | Val Acc: 0.9768
2025-09-15 18:48:22,335 - griffin_training - INFO - Epoch  12 | Train Loss: 0.2372 | Train Acc: 0.8022 | Val Loss: 0.1908 | Val Acc: 0.9457
2025-09-15 18:50:12,055 - griffin_training - INFO - Epoch  13 | Train Loss: 0.2311 | Train Acc: 0.8121 | Val Loss: 0.1675 | Val Acc: 0.9576
2025-09-15 18:52:07,123 - griffin_training - INFO - Epoch  14 | Train Loss: 0.2232 | Train Acc: 0.8182 | Val Loss: 0.1601 | Val Acc: 0.9941
2025-09-15 18:53:58,813 - griffin_training - INFO - Epoch  15 | Train Loss: 0.2161 | Train Acc: 0.8217 | Val Loss: 0.1624 | Val Acc: 0.9972
2025-09-15 18:56:01,582 - griffin_training - INFO - Epoch  16 | Train Loss: 0.2105 | Train Acc: 0.8310 | Val Loss: 0.1758 | Val Acc: 0.6801
2025-09-15 18:57:48,318 - griffin_training - INFO - Epoch  17 | Train Loss: 0.2057 | Train Acc: 0.8325 | Val Loss: 0.1572 | Val Acc: 0.9687
2025-09-15 18:59:35,334 - griffin_training - INFO - Epoch  18 | Train Loss: 0.1974 | Train Acc: 0.8490 | Val Loss: 0.1612 | Val Acc: 0.8533
2025-09-15 19:01:15,336 - griffin_training - INFO - Epoch  19 | Train Loss: 0.2005 | Train Acc: 0.8379 | Val Loss: 0.1579 | Val Acc: 0.6394
2025-09-15 19:03:16,265 - griffin_training - INFO - Epoch  20 | Train Loss: 0.1925 | Train Acc: 0.8400 | Val Loss: 0.1395 | Val Acc: 0.9826
2025-09-15 19:05:02,866 - griffin_training - INFO - Epoch  21 | Train Loss: 0.1853 | Train Acc: 0.8518 | Val Loss: 0.1456 | Val Acc: 0.9554
2025-09-15 19:07:36,242 - griffin_training - INFO - Epoch  22 | Train Loss: 0.1790 | Train Acc: 0.8371 | Val Loss: 0.1405 | Val Acc: 0.9811
2025-09-15 19:09:44,829 - griffin_training - INFO - Epoch  23 | Train Loss: 0.1752 | Train Acc: 0.8511 | Val Loss: 0.1349 | Val Acc: 0.9946
2025-09-15 19:11:32,501 - griffin_training - INFO - Epoch  24 | Train Loss: 0.1686 | Train Acc: 0.8508 | Val Loss: 0.1259 | Val Acc: 0.9834
2025-09-15 19:13:21,576 - griffin_training - INFO - Epoch  25 | Train Loss: 0.1679 | Train Acc: 0.8457 | Val Loss: 0.1291 | Val Acc: 0.9832
2025-09-15 19:15:27,578 - griffin_training - INFO - Epoch  26 | Train Loss: 0.1603 | Train Acc: 0.8611 | Val Loss: 0.1276 | Val Acc: 0.9758
2025-09-15 19:17:35,728 - griffin_training - INFO - Epoch  27 | Train Loss: 0.1543 | Train Acc: 0.8688 | Val Loss: 0.1221 | Val Acc: 0.9913
2025-09-15 19:19:43,800 - griffin_training - INFO - Epoch  28 | Train Loss: 0.1501 | Train Acc: 0.8686 | Val Loss: 0.1149 | Val Acc: 0.9808
2025-09-15 19:22:51,168 - griffin_training - INFO - Epoch  29 | Train Loss: 0.1509 | Train Acc: 0.8671 | Val Loss: 0.1187 | Val Acc: 0.8873
2025-09-15 19:24:36,709 - griffin_training - INFO - Epoch  30 | Train Loss: 0.1429 | Train Acc: 0.8774 | Val Loss: 0.1264 | Val Acc: 0.9426
2025-09-15 19:26:30,150 - griffin_training - INFO - Epoch  31 | Train Loss: 0.1410 | Train Acc: 0.8798 | Val Loss: 0.1128 | Val Acc: 0.9676
2025-09-15 19:28:04,192 - griffin_training - INFO - Epoch  32 | Train Loss: 0.1371 | Train Acc: 0.8877 | Val Loss: 0.1131 | Val Acc: 0.9741
2025-09-15 19:29:58,147 - griffin_training - INFO - Epoch  33 | Train Loss: 0.1352 | Train Acc: 0.8842 | Val Loss: 0.1073 | Val Acc: 0.9211
2025-09-15 19:32:13,463 - griffin_training - INFO - Epoch  34 | Train Loss: 0.1297 | Train Acc: 0.8928 | Val Loss: 0.1056 | Val Acc: 0.9855
2025-09-15 19:34:08,968 - griffin_training - INFO - Epoch  35 | Train Loss: 0.1289 | Train Acc: 0.8910 | Val Loss: 0.1109 | Val Acc: 0.8042
2025-09-15 19:36:08,937 - griffin_training - INFO - Epoch  36 | Train Loss: 0.1268 | Train Acc: 0.8968 | Val Loss: 0.1023 | Val Acc: 0.9981
2025-09-15 19:38:15,110 - griffin_training - INFO - Epoch  37 | Train Loss: 0.1240 | Train Acc: 0.8917 | Val Loss: 0.0991 | Val Acc: 0.9974
2025-09-15 19:40:05,487 - griffin_training - INFO - Epoch  38 | Train Loss: 0.1202 | Train Acc: 0.9031 | Val Loss: 0.1002 | Val Acc: 0.9247
2025-09-15 19:42:20,658 - griffin_training - INFO - Epoch  39 | Train Loss: 0.1166 | Train Acc: 0.9080 | Val Loss: 0.0987 | Val Acc: 0.9900
2025-09-15 19:44:06,983 - griffin_training - INFO - Epoch  40 | Train Loss: 0.1167 | Train Acc: 0.8989 | Val Loss: 0.0963 | Val Acc: 0.9995
2025-09-15 19:46:06,647 - griffin_training - INFO - Epoch  41 | Train Loss: 0.1145 | Train Acc: 0.9060 | Val Loss: 0.0973 | Val Acc: 0.9609
2025-09-15 19:48:25,015 - griffin_training - INFO - Epoch  42 | Train Loss: 0.1124 | Train Acc: 0.9045 | Val Loss: 0.0972 | Val Acc: 0.9765
2025-09-15 19:50:27,888 - griffin_training - INFO - Epoch  43 | Train Loss: 0.1120 | Train Acc: 0.9092 | Val Loss: 0.0967 | Val Acc: 0.9955
2025-09-15 19:52:23,841 - griffin_training - INFO - Epoch  44 | Train Loss: 0.1110 | Train Acc: 0.9006 | Val Loss: 0.0959 | Val Acc: 0.9971
2025-09-15 19:54:23,627 - griffin_training - INFO - Epoch  45 | Train Loss: 0.1090 | Train Acc: 0.9158 | Val Loss: 0.0951 | Val Acc: 0.9963
2025-09-15 19:56:17,852 - griffin_training - INFO - Epoch  46 | Train Loss: 0.1084 | Train Acc: 0.9178 | Val Loss: 0.0945 | Val Acc: 0.9981
2025-09-15 19:58:05,188 - griffin_training - INFO - Epoch  47 | Train Loss: 0.1090 | Train Acc: 0.9208 | Val Loss: 0.0944 | Val Acc: 0.9955
2025-09-15 20:00:04,499 - griffin_training - INFO - Epoch  48 | Train Loss: 0.1068 | Train Acc: 0.9169 | Val Loss: 0.0942 | Val Acc: 0.9952
2025-09-15 20:01:56,897 - griffin_training - INFO - Epoch  49 | Train Loss: 0.1068 | Train Acc: 0.9197 | Val Loss: 0.0940 | Val Acc: 0.9925
2025-09-15 20:04:03,789 - griffin_training - INFO - Epoch  50 | Train Loss: 0.1077 | Train Acc: 0.9148 | Val Loss: 0.0941 | Val Acc: 0.9951
2025-09-15 20:06:01,104 - griffin_training - INFO - Epoch  51 | Train Loss: 0.1076 | Train Acc: 0.9123 | Val Loss: 0.0939 | Val Acc: 0.9959
2025-09-15 20:08:03,868 - griffin_training - INFO - Epoch  52 | Train Loss: 0.1063 | Train Acc: 0.9209 | Val Loss: 0.0935 | Val Acc: 0.9959
2025-09-15 20:10:05,226 - griffin_training - INFO - Epoch  53 | Train Loss: 0.1047 | Train Acc: 0.9138 | Val Loss: 0.0934 | Val Acc: 0.9953
2025-09-15 20:12:08,523 - griffin_training - INFO - Epoch  54 | Train Loss: 0.1083 | Train Acc: 0.9122 | Val Loss: 0.0936 | Val Acc: 0.9960
2025-09-15 20:14:06,430 - griffin_training - INFO - Epoch  55 | Train Loss: 0.1091 | Train Acc: 0.9117 | Val Loss: 0.0935 | Val Acc: 0.9947
2025-09-15 20:16:05,812 - griffin_training - INFO - Epoch  56 | Train Loss: 0.1087 | Train Acc: 0.9115 | Val Loss: 0.0933 | Val Acc: 0.9962
2025-09-15 20:18:10,432 - griffin_training - INFO - Epoch  57 | Train Loss: 0.1073 | Train Acc: 0.9128 | Val Loss: 0.0932 | Val Acc: 0.9923
2025-09-15 20:20:12,028 - griffin_training - INFO - Epoch  58 | Train Loss: 0.1088 | Train Acc: 0.9102 | Val Loss: 0.0935 | Val Acc: 0.9956
2025-09-15 20:22:06,374 - griffin_training - INFO - Epoch  59 | Train Loss: 0.1078 | Train Acc: 0.9022 | Val Loss: 0.0934 | Val Acc: 0.9915
2025-09-15 20:24:05,067 - griffin_training - INFO - Epoch  60 | Train Loss: 0.1103 | Train Acc: 0.9102 | Val Loss: 0.0937 | Val Acc: 0.9935
2025-09-15 20:26:02,262 - griffin_training - INFO - Epoch  61 | Train Loss: 0.1108 | Train Acc: 0.9108 | Val Loss: 0.0933 | Val Acc: 0.9977
2025-09-15 20:27:58,431 - griffin_training - INFO - Epoch  62 | Train Loss: 0.1100 | Train Acc: 0.9124 | Val Loss: 0.0944 | Val Acc: 0.9979
2025-09-15 20:29:57,308 - griffin_training - INFO - Epoch  63 | Train Loss: 0.1110 | Train Acc: 0.9136 | Val Loss: 0.0945 | Val Acc: 0.9945
2025-09-15 20:31:59,176 - griffin_training - INFO - Epoch  64 | Train Loss: 0.1123 | Train Acc: 0.9051 | Val Loss: 0.0951 | Val Acc: 0.9859
2025-09-15 20:33:57,898 - griffin_training - INFO - Epoch  65 | Train Loss: 0.1155 | Train Acc: 0.8991 | Val Loss: 0.0969 | Val Acc: 0.9974
2025-09-15 20:36:16,235 - griffin_training - INFO - Epoch  66 | Train Loss: 0.1162 | Train Acc: 0.8950 | Val Loss: 0.0965 | Val Acc: 0.9689
2025-09-15 20:38:01,566 - griffin_training - INFO - Epoch  67 | Train Loss: 0.1213 | Train Acc: 0.8961 | Val Loss: 0.0991 | Val Acc: 0.9945
2025-09-15 20:40:00,817 - griffin_training - INFO - Epoch  68 | Train Loss: 0.1237 | Train Acc: 0.8932 | Val Loss: 0.1037 | Val Acc: 0.9876
2025-09-15 20:42:13,774 - griffin_training - INFO - Epoch  69 | Train Loss: 0.1237 | Train Acc: 0.8830 | Val Loss: 0.1110 | Val Acc: 0.9641
2025-09-15 20:44:18,536 - griffin_training - INFO - Epoch  70 | Train Loss: 0.1248 | Train Acc: 0.8991 | Val Loss: 0.0986 | Val Acc: 0.9980
2025-09-15 20:46:49,332 - griffin_training - INFO - Epoch  71 | Train Loss: 0.1286 | Train Acc: 0.8849 | Val Loss: 0.1019 | Val Acc: 0.9456
2025-09-15 20:48:47,067 - griffin_training - INFO - Epoch  72 | Train Loss: 0.1333 | Train Acc: 0.8731 | Val Loss: 0.1020 | Val Acc: 0.8667
2025-09-15 20:48:47,068 - griffin_training - INFO - Early stopping at epoch 72
2025-09-15 20:49:32,255 - griffin_training - INFO - Training completed in 8588.78 seconds
2025-09-15 20:49:32,256 - griffin_training - INFO - Training completed:
2025-09-15 20:49:32,256 - griffin_training - INFO -   - Training time: 8588.78 seconds
2025-09-15 20:49:32,256 - griffin_training - INFO -   - Total epochs: 72
2025-09-15 20:49:32,256 - griffin_training - INFO -   - Best validation loss: 0.0932
2025-09-15 20:49:32,256 - griffin_training - INFO - Starting model evaluation
2025-09-15 20:49:32,256 - griffin_training - INFO - Starting comprehensive model evaluation...
2025-09-15 20:49:41,379 - griffin_training - INFO - Model evaluation completed
2025-09-15 20:49:43,046 - griffin_training - INFO - Evaluation completed:
2025-09-15 20:49:43,047 - griffin_training - INFO -   - Test Accuracy: 0.8677
2025-09-15 20:49:43,047 - griffin_training - INFO -   - Test F1-Score: 0.9277
2025-09-15 20:49:43,047 - griffin_training - INFO -   - Test Precision: 0.9985
2025-09-15 20:49:43,047 - griffin_training - INFO -   - Test Recall: 0.8677
2025-09-15 20:49:43,047 - griffin_training - INFO -   - False Positive Rate: 0.0039
2025-09-15 20:49:43,047 - griffin_training - INFO -   - False Negative Rate: 0.0156
2025-09-15 20:49:43,048 - griffin_training - INFO - Results saved to: results/griffin_results_20250915_204943.json
2025-09-15 20:49:43,049 - griffin_training - INFO - Model saved to: models/griffin_model_20250915_204943.pth
2025-09-15 20:49:43,050 - griffin_training - INFO - Complete pipeline execution finished
2025-09-16 14:16:54,069 - griffin_training - INFO - Training pipeline initialized successfully
2025-09-16 14:16:54,069 - griffin_training - INFO - Starting complete GRIFFIN training pipeline
2025-09-16 14:16:54,069 - griffin_training - INFO - Loading data from: /fab3/btech/2022/siddhant.gond22b@iiitg.ac.in/Research_Internship_Under_Dr_Rakesh_Matam/Project_2/data/processed_data/train_data.csv
2025-09-16 14:17:01,914 - griffin_training - INFO - Data loaded successfully:
2025-09-16 14:17:01,914 - griffin_training - INFO -   - Samples: 100,000
2025-09-16 14:17:01,914 - griffin_training - INFO -   - Features: 40
2025-09-16 14:17:01,914 - griffin_training - INFO -   - Classes: 2
2025-09-16 14:17:01,914 - griffin_training - INFO -   - Class distribution: {'Attack': np.int64(70000), 'Benign': np.int64(30000)}
2025-09-16 14:17:01,915 - griffin_training - INFO - Creating GRIFFIN model
2025-09-16 14:17:01,930 - griffin_training - INFO - Model created successfully:
2025-09-16 14:17:01,930 - griffin_training - INFO -   - Total parameters: 14,099
2025-09-16 14:17:01,930 - griffin_training - INFO -   - Trainable parameters: 14,099
2025-09-16 14:17:01,930 - griffin_training - INFO -   - Model size: 0.05 MB
2025-09-16 14:17:01,930 - griffin_training - INFO - Starting model training
2025-09-16 14:17:01,930 - griffin_training - INFO - Starting GRIFFIN training...
2025-09-16 14:17:29,476 - griffin_training - INFO - Epoch   1 | Train Loss: 0.0785 | Train Acc: 0.9448 | Val Loss: 0.0336 | Val Acc: 0.9596
2025-09-16 14:17:43,298 - griffin_training - INFO - Epoch   2 | Train Loss: 0.0325 | Train Acc: 0.9633 | Val Loss: 0.0274 | Val Acc: 0.9668
2025-09-16 14:18:01,184 - griffin_training - INFO - Epoch   3 | Train Loss: 0.0285 | Train Acc: 0.9658 | Val Loss: 0.0249 | Val Acc: 0.9694
2025-09-16 14:20:00,008 - griffin_training - INFO - Training pipeline initialized successfully
2025-09-16 14:20:00,009 - griffin_training - INFO - Starting complete GRIFFIN training pipeline
2025-09-16 14:20:00,009 - griffin_training - INFO - Loading data from: /fab3/btech/2022/siddhant.gond22b@iiitg.ac.in/Research_Internship_Under_Dr_Rakesh_Matam/Project_2/data/processed_data/train_data.csv
2025-09-16 14:20:07,950 - griffin_training - INFO - Data loaded successfully:
2025-09-16 14:20:07,950 - griffin_training - INFO -   - Samples: 100,000
2025-09-16 14:20:07,950 - griffin_training - INFO -   - Features: 40
2025-09-16 14:20:07,950 - griffin_training - INFO -   - Classes: 2
2025-09-16 14:20:07,950 - griffin_training - INFO -   - Class distribution: {'Attack': np.int64(70000), 'Benign': np.int64(30000)}
2025-09-16 14:20:07,950 - griffin_training - INFO - Creating GRIFFIN model
2025-09-16 14:20:07,967 - griffin_training - INFO - Model created successfully:
2025-09-16 14:20:07,967 - griffin_training - INFO -   - Total parameters: 14,099
2025-09-16 14:20:07,967 - griffin_training - INFO -   - Trainable parameters: 14,099
2025-09-16 14:20:07,967 - griffin_training - INFO -   - Model size: 0.05 MB
2025-09-16 14:20:07,967 - griffin_training - INFO - Starting model training
2025-09-16 14:20:07,967 - griffin_training - INFO - Starting GRIFFIN training...
2025-09-16 14:20:27,870 - griffin_training - INFO - Epoch   1 | Train Loss: 0.0785 | Train Acc: 0.9448 | Val Loss: 0.0336 | Val Acc: 0.9596
2025-09-16 14:20:46,458 - griffin_training - INFO - Epoch   2 | Train Loss: 0.0325 | Train Acc: 0.9633 | Val Loss: 0.0274 | Val Acc: 0.9668
2025-09-16 14:21:00,696 - griffin_training - INFO - Epoch   3 | Train Loss: 0.0285 | Train Acc: 0.9658 | Val Loss: 0.0249 | Val Acc: 0.9694
2025-09-16 14:21:22,220 - griffin_training - INFO - Epoch   4 | Train Loss: 0.0258 | Train Acc: 0.9683 | Val Loss: 0.0236 | Val Acc: 0.9709
2025-09-16 14:21:45,506 - griffin_training - INFO - Epoch   5 | Train Loss: 0.0248 | Train Acc: 0.9681 | Val Loss: 0.0233 | Val Acc: 0.9706
2025-09-16 14:22:03,163 - griffin_training - INFO - Epoch   6 | Train Loss: 0.0239 | Train Acc: 0.9692 | Val Loss: 0.0233 | Val Acc: 0.9707
2025-09-16 14:22:19,773 - griffin_training - INFO - Epoch   7 | Train Loss: 0.0237 | Train Acc: 0.9693 | Val Loss: 0.0223 | Val Acc: 0.9735
2025-09-16 14:22:37,365 - griffin_training - INFO - Epoch   8 | Train Loss: 0.0225 | Train Acc: 0.9717 | Val Loss: 0.0204 | Val Acc: 0.9748
2025-09-16 14:22:54,344 - griffin_training - INFO - Epoch   9 | Train Loss: 0.0220 | Train Acc: 0.9714 | Val Loss: 0.0204 | Val Acc: 0.9723
2025-09-16 14:23:20,493 - griffin_training - INFO - Epoch  10 | Train Loss: 0.0217 | Train Acc: 0.9720 | Val Loss: 0.0187 | Val Acc: 0.9761
2025-09-16 14:23:42,324 - griffin_training - INFO - Epoch  11 | Train Loss: 0.0206 | Train Acc: 0.9737 | Val Loss: 0.0189 | Val Acc: 0.9765
2025-09-16 14:24:03,167 - griffin_training - INFO - Epoch  12 | Train Loss: 0.0203 | Train Acc: 0.9742 | Val Loss: 0.0187 | Val Acc: 0.9808
2025-09-16 14:24:21,276 - griffin_training - INFO - Epoch  13 | Train Loss: 0.0197 | Train Acc: 0.9759 | Val Loss: 0.0179 | Val Acc: 0.9778
2025-09-16 14:24:39,387 - griffin_training - INFO - Epoch  14 | Train Loss: 0.0188 | Train Acc: 0.9767 | Val Loss: 0.0159 | Val Acc: 0.9836
2025-09-16 14:25:04,164 - griffin_training - INFO - Epoch  15 | Train Loss: 0.0180 | Train Acc: 0.9791 | Val Loss: 0.0148 | Val Acc: 0.9841
2025-09-16 14:25:30,606 - griffin_training - INFO - Epoch  16 | Train Loss: 0.0163 | Train Acc: 0.9822 | Val Loss: 0.0129 | Val Acc: 0.9866
2025-09-16 14:25:57,496 - griffin_training - INFO - Epoch  17 | Train Loss: 0.0151 | Train Acc: 0.9855 | Val Loss: 0.0121 | Val Acc: 0.9899
2025-09-16 14:26:15,813 - griffin_training - INFO - Epoch  18 | Train Loss: 0.0140 | Train Acc: 0.9881 | Val Loss: 0.0129 | Val Acc: 0.9953
2025-09-16 14:26:34,283 - griffin_training - INFO - Epoch  19 | Train Loss: 0.0129 | Train Acc: 0.9900 | Val Loss: 0.0103 | Val Acc: 0.9938
2025-09-16 14:26:57,635 - griffin_training - INFO - Epoch  20 | Train Loss: 0.0124 | Train Acc: 0.9916 | Val Loss: 0.0097 | Val Acc: 0.9946
2025-09-16 14:27:25,140 - griffin_training - INFO - Epoch  21 | Train Loss: 0.0119 | Train Acc: 0.9926 | Val Loss: 0.0092 | Val Acc: 0.9982
2025-09-16 14:27:43,760 - griffin_training - INFO - Epoch  22 | Train Loss: 0.0112 | Train Acc: 0.9933 | Val Loss: 0.0090 | Val Acc: 0.9986
2025-09-16 14:28:03,961 - griffin_training - INFO - Epoch  23 | Train Loss: 0.0106 | Train Acc: 0.9943 | Val Loss: 0.0082 | Val Acc: 0.9990
2025-09-16 14:28:24,225 - griffin_training - INFO - Epoch  24 | Train Loss: 0.0107 | Train Acc: 0.9944 | Val Loss: 0.0084 | Val Acc: 0.9990
2025-09-16 14:28:41,763 - griffin_training - INFO - Epoch  25 | Train Loss: 0.0106 | Train Acc: 0.9949 | Val Loss: 0.0106 | Val Acc: 0.9946
2025-09-16 14:29:06,165 - griffin_training - INFO - Epoch  26 | Train Loss: 0.0101 | Train Acc: 0.9952 | Val Loss: 0.0078 | Val Acc: 0.9996
2025-09-16 14:29:29,146 - griffin_training - INFO - Epoch  27 | Train Loss: 0.0094 | Train Acc: 0.9962 | Val Loss: 0.0078 | Val Acc: 0.9995
2025-09-16 14:29:45,342 - griffin_training - INFO - Epoch  28 | Train Loss: 0.0096 | Train Acc: 0.9959 | Val Loss: 0.0076 | Val Acc: 0.9996
2025-09-16 14:30:04,643 - griffin_training - INFO - Epoch  29 | Train Loss: 0.0093 | Train Acc: 0.9964 | Val Loss: 0.0079 | Val Acc: 0.9993
2025-09-16 14:30:27,995 - griffin_training - INFO - Epoch  30 | Train Loss: 0.0089 | Train Acc: 0.9966 | Val Loss: 0.0073 | Val Acc: 0.9998
2025-09-16 14:30:49,144 - griffin_training - INFO - Epoch  31 | Train Loss: 0.0089 | Train Acc: 0.9969 | Val Loss: 0.0072 | Val Acc: 0.9998
2025-09-16 14:31:11,053 - griffin_training - INFO - Epoch  32 | Train Loss: 0.0086 | Train Acc: 0.9969 | Val Loss: 0.0074 | Val Acc: 0.9991
2025-09-16 14:31:41,037 - griffin_training - INFO - Epoch  33 | Train Loss: 0.0085 | Train Acc: 0.9971 | Val Loss: 0.0069 | Val Acc: 0.9999
2025-09-16 14:31:59,482 - griffin_training - INFO - Epoch  34 | Train Loss: 0.0083 | Train Acc: 0.9973 | Val Loss: 0.0070 | Val Acc: 1.0000
2025-09-16 14:32:22,457 - griffin_training - INFO - Epoch  35 | Train Loss: 0.0084 | Train Acc: 0.9971 | Val Loss: 0.0069 | Val Acc: 0.9999
2025-09-16 14:32:54,909 - griffin_training - INFO - Epoch  36 | Train Loss: 0.0082 | Train Acc: 0.9974 | Val Loss: 0.0069 | Val Acc: 0.9999
2025-09-16 14:33:19,665 - griffin_training - INFO - Epoch  37 | Train Loss: 0.0081 | Train Acc: 0.9973 | Val Loss: 0.0070 | Val Acc: 0.9997
2025-09-16 14:33:39,493 - griffin_training - INFO - Epoch  38 | Train Loss: 0.0081 | Train Acc: 0.9974 | Val Loss: 0.0067 | Val Acc: 1.0000
2025-09-16 14:33:59,891 - griffin_training - INFO - Epoch  39 | Train Loss: 0.0080 | Train Acc: 0.9975 | Val Loss: 0.0067 | Val Acc: 1.0000
2025-09-16 14:34:23,407 - griffin_training - INFO - Epoch  40 | Train Loss: 0.0080 | Train Acc: 0.9976 | Val Loss: 0.0067 | Val Acc: 1.0000
2025-09-16 14:34:53,888 - griffin_training - INFO - Epoch  41 | Train Loss: 0.0078 | Train Acc: 0.9974 | Val Loss: 0.0067 | Val Acc: 1.0000
2025-09-16 14:35:31,155 - griffin_training - INFO - Epoch  42 | Train Loss: 0.0078 | Train Acc: 0.9979 | Val Loss: 0.0066 | Val Acc: 1.0000
2025-09-16 14:35:49,427 - griffin_training - INFO - Epoch  43 | Train Loss: 0.0079 | Train Acc: 0.9979 | Val Loss: 0.0066 | Val Acc: 1.0000
2025-09-16 14:36:09,136 - griffin_training - INFO - Epoch  44 | Train Loss: 0.0077 | Train Acc: 0.9980 | Val Loss: 0.0066 | Val Acc: 1.0000
2025-09-16 14:36:35,559 - griffin_training - INFO - Epoch  45 | Train Loss: 0.0076 | Train Acc: 0.9982 | Val Loss: 0.0065 | Val Acc: 1.0000
2025-09-16 14:37:08,067 - griffin_training - INFO - Epoch  46 | Train Loss: 0.0077 | Train Acc: 0.9978 | Val Loss: 0.0065 | Val Acc: 1.0000
2025-09-16 14:37:32,635 - griffin_training - INFO - Epoch  47 | Train Loss: 0.0077 | Train Acc: 0.9979 | Val Loss: 0.0065 | Val Acc: 1.0000
2025-09-16 14:37:53,110 - griffin_training - INFO - Epoch  48 | Train Loss: 0.0077 | Train Acc: 0.9982 | Val Loss: 0.0065 | Val Acc: 1.0000
2025-09-16 14:38:10,910 - griffin_training - INFO - Epoch  49 | Train Loss: 0.0077 | Train Acc: 0.9979 | Val Loss: 0.0065 | Val Acc: 1.0000
2025-09-16 14:38:33,789 - griffin_training - INFO - Epoch  50 | Train Loss: 0.0076 | Train Acc: 0.9983 | Val Loss: 0.0065 | Val Acc: 1.0000
2025-09-16 14:39:07,809 - griffin_training - INFO - Epoch  51 | Train Loss: 0.0078 | Train Acc: 0.9978 | Val Loss: 0.0065 | Val Acc: 1.0000
2025-09-16 14:39:27,938 - griffin_training - INFO - Epoch  52 | Train Loss: 0.0077 | Train Acc: 0.9978 | Val Loss: 0.0065 | Val Acc: 1.0000
2025-09-16 14:39:53,138 - griffin_training - INFO - Epoch  53 | Train Loss: 0.0077 | Train Acc: 0.9978 | Val Loss: 0.0065 | Val Acc: 1.0000
2025-09-16 14:40:15,347 - griffin_training - INFO - Epoch  54 | Train Loss: 0.0077 | Train Acc: 0.9979 | Val Loss: 0.0065 | Val Acc: 1.0000
2025-09-16 14:40:35,652 - griffin_training - INFO - Epoch  55 | Train Loss: 0.0077 | Train Acc: 0.9980 | Val Loss: 0.0065 | Val Acc: 1.0000
2025-09-16 14:41:14,385 - griffin_training - INFO - Epoch  56 | Train Loss: 0.0077 | Train Acc: 0.9978 | Val Loss: 0.0065 | Val Acc: 1.0000
2025-09-16 14:41:35,922 - griffin_training - INFO - Epoch  57 | Train Loss: 0.0077 | Train Acc: 0.9980 | Val Loss: 0.0065 | Val Acc: 1.0000
2025-09-16 14:41:59,152 - griffin_training - INFO - Epoch  58 | Train Loss: 0.0077 | Train Acc: 0.9979 | Val Loss: 0.0066 | Val Acc: 1.0000
2025-09-16 14:42:24,331 - griffin_training - INFO - Epoch  59 | Train Loss: 0.0076 | Train Acc: 0.9980 | Val Loss: 0.0065 | Val Acc: 1.0000
2025-09-16 14:42:49,252 - griffin_training - INFO - Epoch  60 | Train Loss: 0.0077 | Train Acc: 0.9979 | Val Loss: 0.0065 | Val Acc: 1.0000
2025-09-16 14:43:18,839 - griffin_training - INFO - Epoch  61 | Train Loss: 0.0078 | Train Acc: 0.9980 | Val Loss: 0.0066 | Val Acc: 1.0000
2025-09-16 14:43:39,538 - griffin_training - INFO - Epoch  62 | Train Loss: 0.0078 | Train Acc: 0.9978 | Val Loss: 0.0066 | Val Acc: 1.0000
2025-09-16 14:43:59,482 - griffin_training - INFO - Epoch  63 | Train Loss: 0.0078 | Train Acc: 0.9977 | Val Loss: 0.0066 | Val Acc: 1.0000
2025-09-16 14:44:25,554 - griffin_training - INFO - Epoch  64 | Train Loss: 0.0077 | Train Acc: 0.9980 | Val Loss: 0.0066 | Val Acc: 0.9998
2025-09-16 14:44:57,850 - griffin_training - INFO - Epoch  65 | Train Loss: 0.0079 | Train Acc: 0.9975 | Val Loss: 0.0066 | Val Acc: 1.0000
2025-09-16 14:45:19,346 - griffin_training - INFO - Epoch  66 | Train Loss: 0.0077 | Train Acc: 0.9979 | Val Loss: 0.0066 | Val Acc: 0.9999
2025-09-16 14:45:40,898 - griffin_training - INFO - Epoch  67 | Train Loss: 0.0079 | Train Acc: 0.9976 | Val Loss: 0.0067 | Val Acc: 0.9999
2025-09-16 14:46:04,449 - griffin_training - INFO - Epoch  68 | Train Loss: 0.0081 | Train Acc: 0.9974 | Val Loss: 0.0069 | Val Acc: 0.9996
2025-09-16 14:46:26,086 - griffin_training - INFO - Epoch  69 | Train Loss: 0.0080 | Train Acc: 0.9973 | Val Loss: 0.0067 | Val Acc: 1.0000
2025-09-16 14:46:54,740 - griffin_training - INFO - Epoch  70 | Train Loss: 0.0079 | Train Acc: 0.9974 | Val Loss: 0.0066 | Val Acc: 0.9998
2025-09-16 14:47:20,144 - griffin_training - INFO - Epoch  71 | Train Loss: 0.0081 | Train Acc: 0.9972 | Val Loss: 0.0066 | Val Acc: 0.9999
2025-09-16 14:47:44,172 - griffin_training - INFO - Epoch  72 | Train Loss: 0.0080 | Train Acc: 0.9973 | Val Loss: 0.0070 | Val Acc: 0.9998
2025-09-16 14:47:44,173 - griffin_training - INFO - Early stopping at epoch 72
2025-09-16 14:47:57,917 - griffin_training - INFO - Training completed in 1655.23 seconds
2025-09-16 14:47:57,917 - griffin_training - INFO - Training completed:
2025-09-16 14:47:57,917 - griffin_training - INFO -   - Training time: 1655.23 seconds
2025-09-16 14:47:57,917 - griffin_training - INFO -   - Total epochs: 72
2025-09-16 14:47:57,917 - griffin_training - INFO -   - Best validation loss: 0.0065
2025-09-16 14:47:57,917 - griffin_training - INFO - Starting model evaluation
2025-09-16 14:47:57,917 - griffin_training - INFO - Starting comprehensive model evaluation...
2025-09-16 14:48:00,068 - griffin_training - INFO - Model evaluation completed
2025-09-16 14:48:01,460 - griffin_training - INFO - Evaluation completed:
2025-09-16 14:48:01,460 - griffin_training - INFO -   - Test Accuracy: 0.9998
2025-09-16 14:48:01,460 - griffin_training - INFO -   - Test F1-Score: 0.9996
2025-09-16 14:48:01,460 - griffin_training - INFO -   - Test Precision: 0.9992
2025-09-16 14:48:01,460 - griffin_training - INFO -   - Test Recall: 1.0000
2025-09-16 14:48:01,460 - griffin_training - INFO -   - False Positive Rate: 0.0002
2025-09-16 14:48:01,460 - griffin_training - INFO -   - False Negative Rate: 0.0002
2025-09-16 14:48:01,461 - griffin_training - INFO - Results saved to: results/griffin_results_20250916_144801.json
2025-09-16 14:48:01,463 - griffin_training - INFO - Model saved to: models/griffin_model_20250916_144801.pth
2025-09-16 14:48:01,463 - griffin_training - INFO - Complete pipeline execution finished
