2025-09-13 16:25:45,248 - __main__ - INFO - Loading configuration...
2025-09-13 16:25:45,258 - __main__ - INFO - Configuration loaded: ['RandomForest', 'LogisticRegression', 'GradientBoosting']
2025-09-13 16:25:45,258 - __main__ - INFO - Loading data from C:\Users\dicla\Research_Internship_Under_Dr_Rakesh_Matam\Project_3\dataset\combined_dataset_short_balanced_encoded_normalised.csv
2025-09-13 16:25:45,734 - __main__ - INFO - Data loaded: 500000 samples, 14 features, 5 classes
2025-09-13 16:25:46,012 - __main__ - INFO - Data split - Train: 400000, Test: 100000
2025-09-13 16:25:46,014 - __main__ - INFO - Initializing Voting Ensemble classifier...
2025-09-13 16:25:46,015 - __main__ - INFO - Starting training...
2025-09-13 16:28:45,206 - __main__ - INFO - Training completed in 0:02:59.191194
2025-09-13 16:28:45,207 - __main__ - INFO - Evaluating model...
2025-09-13 16:28:46,981 - __main__ - INFO - === TRAINING RESULTS ===
2025-09-13 16:28:46,981 - __main__ - INFO - Accuracy: 0.9214
2025-09-13 16:28:46,981 - __main__ - INFO - Precision: 0.9297
2025-09-13 16:28:46,981 - __main__ - INFO - Recall: 0.9214
2025-09-13 16:28:46,981 - __main__ - INFO - F1-Score: 0.9197
2025-09-13 16:28:46,981 - __main__ - INFO - ROC AUC: 0.9934
2025-09-13 16:28:46,982 - __main__ - INFO - === BASE ESTIMATOR PERFORMANCE ===
2025-09-13 16:28:46,982 - __main__ - INFO - random_forest:
2025-09-13 16:28:46,982 - __main__ - INFO -   accuracy: 0.9448
2025-09-13 16:28:46,982 - __main__ - INFO -   precision: 0.9449
2025-09-13 16:28:46,982 - __main__ - INFO -   recall: 0.9448
2025-09-13 16:28:46,983 - __main__ - INFO -   f1_score: 0.9449
2025-09-13 16:28:46,983 - __main__ - INFO - logistic_regression:
2025-09-13 16:28:46,983 - __main__ - INFO -   accuracy: 0.8579
2025-09-13 16:28:46,983 - __main__ - INFO -   precision: 0.8917
2025-09-13 16:28:46,983 - __main__ - INFO -   recall: 0.8579
2025-09-13 16:28:46,983 - __main__ - INFO -   f1_score: 0.8464
2025-09-13 16:28:46,983 - __main__ - INFO - gradient_boosting:
2025-09-13 16:28:46,984 - __main__ - INFO -   accuracy: 0.9002
2025-09-13 16:28:46,984 - __main__ - INFO -   precision: 0.9182
2025-09-13 16:28:46,984 - __main__ - INFO -   recall: 0.9002
2025-09-13 16:28:46,984 - __main__ - INFO -   f1_score: 0.8945
2025-09-13 16:28:46,984 - __main__ - INFO - Saving model to models/saved_Models/voting_ensemble_experiment1.joblib
2025-09-13 16:28:47,085 - __main__ - INFO - Metrics saved to C:\Users\dicla\Research_Internship_Under_Dr_Rakesh_Matam\Project_3\VotingEnsembleLearning\logs\training_metrics_20250913-162545.csv
2025-09-13 16:28:47,085 - __main__ - INFO - Training pipeline completed successfully!
2025-09-13 16:38:26,248 - __main__ - INFO - Loading configuration...
2025-09-13 16:38:26,272 - __main__ - INFO - Configuration loaded: ['RandomForest', 'LogisticRegression', 'GradientBoosting']
2025-09-13 16:38:26,272 - __main__ - INFO - Loading data from C:\Users\dicla\Research_Internship_Under_Dr_Rakesh_Matam\Project_3\dataset\combined_dataset_short_balanced_encoded_normalised.csv
2025-09-13 16:38:26,785 - __main__ - INFO - Data loaded: 500000 samples, 14 features, 5 classes
2025-09-13 16:38:27,076 - __main__ - INFO - Data split - Train: 400000, Test: 100000
2025-09-13 16:38:27,079 - __main__ - INFO - Initializing Voting Ensemble classifier...
2025-09-13 16:38:27,079 - __main__ - INFO - Starting training...
2025-09-13 16:45:55,373 - __main__ - INFO - Training completed in 0:07:28.293625
2025-09-13 16:45:55,373 - __main__ - INFO - Evaluating model...
2025-09-13 16:45:58,094 - __main__ - INFO - === TRAINING RESULTS ===
2025-09-13 16:45:58,094 - __main__ - INFO - Accuracy: 0.9094
2025-09-13 16:45:58,094 - __main__ - INFO - Precision: 0.9245
2025-09-13 16:45:58,094 - __main__ - INFO - Recall: 0.9094
2025-09-13 16:45:58,095 - __main__ - INFO - F1-Score: 0.9055
2025-09-13 16:45:58,095 - __main__ - INFO - ROC AUC: 0.9865
2025-09-13 16:45:58,095 - __main__ - INFO - === BASE ESTIMATOR PERFORMANCE ===
2025-09-13 16:45:58,095 - __main__ - INFO - random_forest:
2025-09-13 16:45:58,096 - __main__ - INFO -   accuracy: 0.9124
2025-09-13 16:45:58,096 - __main__ - INFO -   precision: 0.9267
2025-09-13 16:45:58,096 - __main__ - INFO -   recall: 0.9124
2025-09-13 16:45:58,096 - __main__ - INFO -   f1_score: 0.9091
2025-09-13 16:45:58,096 - __main__ - INFO - logistic_regression:
2025-09-13 16:45:58,096 - __main__ - INFO -   accuracy: 0.6769
2025-09-13 16:45:58,096 - __main__ - INFO -   precision: 0.8095
2025-09-13 16:45:58,096 - __main__ - INFO -   recall: 0.6769
2025-09-13 16:45:58,097 - __main__ - INFO -   f1_score: 0.6137
2025-09-13 16:45:58,097 - __main__ - INFO - gradient_boosting:
2025-09-13 16:45:58,097 - __main__ - INFO -   accuracy: 0.9157
2025-09-13 16:45:58,097 - __main__ - INFO -   precision: 0.9232
2025-09-13 16:45:58,097 - __main__ - INFO -   recall: 0.9157
2025-09-13 16:45:58,097 - __main__ - INFO -   f1_score: 0.9136
2025-09-13 16:45:58,097 - __main__ - INFO - Saving model to models/saved_Models/voting_ensemble_experiment2.joblib
2025-09-13 16:45:58,167 - __main__ - INFO - Metrics saved to C:\Users\dicla\Research_Internship_Under_Dr_Rakesh_Matam\Project_3\VotingEnsembleLearning\logs\training_metrics_20250913-163826.csv
2025-09-13 16:45:58,168 - __main__ - INFO - Training pipeline completed successfully!
2025-09-13 16:47:09,251 - __main__ - INFO - Loading configuration...
2025-09-13 16:47:09,276 - __main__ - ERROR - Training failed: 1 validation error for VotingEnsembleConfig
estimator_weights
  Value error, Length of estimator_weights (3) must match number of enabled estimators (4) [type=value_error, input_value=[0.5, 0.2, 0.3], input_type=list]
    For further information visit https://errors.pydantic.dev/2.11/v/value_error
2025-09-13 16:48:10,715 - __main__ - INFO - Loading configuration...
2025-09-13 16:48:10,732 - __main__ - INFO - Configuration loaded: ['RandomForest', 'LogisticRegression', 'GradientBoosting']
2025-09-13 16:48:10,732 - __main__ - INFO - Loading data from C:\Users\dicla\Research_Internship_Under_Dr_Rakesh_Matam\Project_3\dataset\combined_dataset_short_balanced_encoded_normalised.csv
2025-09-13 16:48:11,172 - __main__ - INFO - Data loaded: 500000 samples, 14 features, 5 classes
2025-09-13 16:48:11,438 - __main__ - INFO - Data split - Train: 400000, Test: 100000
2025-09-13 16:48:11,443 - __main__ - INFO - Initializing Voting Ensemble classifier...
2025-09-13 16:48:11,444 - __main__ - INFO - Starting training...
2025-09-13 16:59:33,962 - __main__ - INFO - Training completed in 0:11:22.518532
2025-09-13 16:59:33,963 - __main__ - INFO - Evaluating model...
2025-09-13 16:59:36,572 - __main__ - INFO - === TRAINING RESULTS ===
2025-09-13 16:59:36,572 - __main__ - INFO - Accuracy: 0.9126
2025-09-13 16:59:36,573 - __main__ - INFO - Precision: 0.9247
2025-09-13 16:59:36,573 - __main__ - INFO - Recall: 0.9126
2025-09-13 16:59:36,573 - __main__ - INFO - F1-Score: 0.9096
2025-09-13 16:59:36,573 - __main__ - INFO - ROC AUC: 0.9881
2025-09-13 16:59:36,573 - __main__ - INFO - === BASE ESTIMATOR PERFORMANCE ===
2025-09-13 16:59:36,573 - __main__ - INFO - random_forest:
2025-09-13 16:59:36,573 - __main__ - INFO -   accuracy: 0.9264
2025-09-13 16:59:36,573 - __main__ - INFO -   precision: 0.9336
2025-09-13 16:59:36,574 - __main__ - INFO -   recall: 0.9264
2025-09-13 16:59:36,574 - __main__ - INFO -   f1_score: 0.9251
2025-09-13 16:59:36,574 - __main__ - INFO - logistic_regression:
2025-09-13 16:59:36,574 - __main__ - INFO -   accuracy: 0.6769
2025-09-13 16:59:36,574 - __main__ - INFO -   precision: 0.7817
2025-09-13 16:59:36,574 - __main__ - INFO -   recall: 0.6769
2025-09-13 16:59:36,574 - __main__ - INFO -   f1_score: 0.6138
2025-09-13 16:59:36,574 - __main__ - INFO - gradient_boosting:
2025-09-13 16:59:36,574 - __main__ - INFO -   accuracy: 0.9081
2025-09-13 16:59:36,574 - __main__ - INFO -   precision: 0.9181
2025-09-13 16:59:36,574 - __main__ - INFO -   recall: 0.9081
2025-09-13 16:59:36,575 - __main__ - INFO -   f1_score: 0.9046
2025-09-13 16:59:36,575 - __main__ - INFO - Saving model to models/saved_Models/voting_ensemble_experiment3.joblib
2025-09-13 16:59:36,675 - __main__ - INFO - Metrics saved to C:\Users\dicla\Research_Internship_Under_Dr_Rakesh_Matam\Project_3\VotingEnsembleLearning\logs\training_metrics_20250913-164810.csv
2025-09-13 16:59:36,675 - __main__ - INFO - Training pipeline completed successfully!
2025-09-13 17:17:23,603 - __main__ - INFO - Loading configuration...
2025-09-13 17:17:23,624 - __main__ - INFO - Configuration loaded: ['RandomForest', 'LogisticRegression', 'GradientBoosting', 'KNN', 'NaiveBayes', 'DecisionTree', 'XGBoost', 'LightGBM']
2025-09-13 17:17:23,624 - __main__ - INFO - Loading data from C:\Users\dicla\Research_Internship_Under_Dr_Rakesh_Matam\Project_3\dataset\combined_dataset_short_balanced_encoded_normalised.csv
2025-09-13 17:17:24,269 - __main__ - INFO - Data loaded: 500000 samples, 14 features, 5 classes
2025-09-13 17:17:24,651 - __main__ - INFO - Data split - Train: 400000, Test: 100000
2025-09-13 17:17:24,658 - __main__ - INFO - Initializing Voting Ensemble classifier...
2025-09-13 17:17:24,659 - __main__ - INFO - Starting training...
2025-09-13 17:46:15,304 - __main__ - INFO - Training completed in 0:28:50.644634
2025-09-13 17:46:15,305 - __main__ - INFO - Evaluating model...
2025-09-13 17:49:22,794 - __main__ - INFO - === TRAINING RESULTS ===
2025-09-13 17:49:22,794 - __main__ - INFO - Accuracy: 0.9137
2025-09-13 17:49:22,794 - __main__ - INFO - Precision: 0.9280
2025-09-13 17:49:22,795 - __main__ - INFO - Recall: 0.9137
2025-09-13 17:49:22,795 - __main__ - INFO - F1-Score: 0.9102
2025-09-13 17:49:22,795 - __main__ - INFO - ROC AUC: 0.9948
2025-09-13 17:49:22,795 - __main__ - INFO - === BASE ESTIMATOR PERFORMANCE ===
2025-09-13 17:49:22,796 - __main__ - INFO - random_forest:
2025-09-13 17:49:22,796 - __main__ - INFO -   accuracy: 0.9124
2025-09-13 17:49:22,796 - __main__ - INFO -   precision: 0.9267
2025-09-13 17:49:22,796 - __main__ - INFO -   recall: 0.9124
2025-09-13 17:49:22,796 - __main__ - INFO -   f1_score: 0.9091
2025-09-13 17:49:22,797 - __main__ - INFO - logistic_regression:
2025-09-13 17:49:22,797 - __main__ - INFO -   accuracy: 0.6769
2025-09-13 17:49:22,797 - __main__ - INFO -   precision: 0.8095
2025-09-13 17:49:22,797 - __main__ - INFO -   recall: 0.6769
2025-09-13 17:49:22,797 - __main__ - INFO -   f1_score: 0.6138
2025-09-13 17:49:22,797 - __main__ - INFO - gradient_boosting:
2025-09-13 17:49:22,797 - __main__ - INFO -   accuracy: 0.9096
2025-09-13 17:49:22,797 - __main__ - INFO -   precision: 0.9189
2025-09-13 17:49:22,798 - __main__ - INFO -   recall: 0.9096
2025-09-13 17:49:22,798 - __main__ - INFO -   f1_score: 0.9066
2025-09-13 17:49:22,798 - __main__ - INFO - knn:
2025-09-13 17:49:22,798 - __main__ - INFO -   accuracy: 0.9633
2025-09-13 17:49:22,798 - __main__ - INFO -   precision: 0.9643
2025-09-13 17:49:22,798 - __main__ - INFO -   recall: 0.9633
2025-09-13 17:49:22,798 - __main__ - INFO -   f1_score: 0.9633
2025-09-13 17:49:22,798 - __main__ - INFO - naive_bayes:
2025-09-13 17:49:22,798 - __main__ - INFO -   accuracy: 0.6719
2025-09-13 17:49:22,798 - __main__ - INFO -   precision: 0.6626
2025-09-13 17:49:22,799 - __main__ - INFO -   recall: 0.6719
2025-09-13 17:49:22,799 - __main__ - INFO -   f1_score: 0.6115
2025-09-13 17:49:22,799 - __main__ - INFO - decision_tree:
2025-09-13 17:49:22,799 - __main__ - INFO -   accuracy: 0.9069
2025-09-13 17:49:22,799 - __main__ - INFO -   precision: 0.9192
2025-09-13 17:49:22,800 - __main__ - INFO -   recall: 0.9069
2025-09-13 17:49:22,800 - __main__ - INFO -   f1_score: 0.9035
2025-09-13 17:49:22,800 - __main__ - INFO - xgboost:
2025-09-13 17:49:22,800 - __main__ - INFO -   accuracy: 0.8990
2025-09-13 17:49:22,801 - __main__ - INFO -   precision: 0.9174
2025-09-13 17:49:22,801 - __main__ - INFO -   recall: 0.8990
2025-09-13 17:49:22,801 - __main__ - INFO -   f1_score: 0.8931
2025-09-13 17:49:22,801 - __main__ - INFO - Saving model to models/saved_Models/voting_ensemble_experiment4.joblib
2025-09-13 17:49:22,961 - __main__ - INFO - Metrics saved to C:\Users\dicla\Research_Internship_Under_Dr_Rakesh_Matam\Project_3\VotingEnsembleLearning\logs\training_metrics_20250913-171723.csv
2025-09-13 17:49:22,962 - __main__ - INFO - Training pipeline completed successfully!
2025-10-01 11:40:37,519 - __main__ - ERROR - Data file not found: C:\Users\dicla\Research_Internship_Under_Dr_Rakesh_Matam\Project_3\dataset\combined_dataset_short_balanced_encoded_normalised.csv
2025-10-01 11:40:37,520 - __main__ - INFO - Please provide a valid data path as the second argument
2025-10-01 11:40:37,520 - __main__ - INFO - Usage: python train.py [config_path] [data_path]
2025-10-01 11:46:15,450 - __main__ - INFO - Loading configuration...
2025-10-01 11:46:15,464 - __main__ - INFO - Configuration loaded: ['RandomForest', 'LogisticRegression', 'GradientBoosting', 'KNN', 'NaiveBayes', 'XGBoost', 'LightGBM']
2025-10-01 11:46:15,464 - __main__ - INFO - Loading data from C:\Users\abhay\OneDrive\Desktop\SID\Research_Internship_Under_Dr_Rakesh_Matam\Project_3\dataset\combined_dataset_short_balanced_encoded_normalised.csv
2025-10-01 11:46:16,161 - __main__ - INFO - Data loaded: 500000 samples, 14 features, 5 classes
2025-10-01 11:46:16,477 - __main__ - INFO - Data split - Train: 400000, Test: 100000
2025-10-01 11:46:16,480 - __main__ - INFO - Initializing Voting Ensemble classifier...
2025-10-01 11:46:16,480 - __main__ - INFO - Starting training...
2025-10-01 12:31:52,479 - __main__ - INFO - Loading configuration...
2025-10-01 12:31:52,488 - __main__ - INFO - Configuration loaded: ['RandomForest', 'LogisticRegression', 'GradientBoosting', 'KNN', 'NaiveBayes', 'XGBoost', 'LightGBM']
2025-10-01 12:31:52,489 - __main__ - INFO - Loading data from C:\Users\abhay\OneDrive\Desktop\SID\Research_Internship_Under_Dr_Rakesh_Matam\Project_3\dataset\combined_dataset_short_balanced_encoded_normalised.csv
2025-10-01 12:31:53,270 - __main__ - INFO - Data loaded: 500000 samples, 14 features, 5 classes
2025-10-01 12:31:53,663 - __main__ - INFO - Data split - Train: 400000, Test: 100000
2025-10-01 12:31:53,666 - __main__ - INFO - Initializing Voting Ensemble classifier...
2025-10-01 12:31:53,667 - __main__ - INFO - Starting training...
2025-10-01 12:32:36,134 - __main__ - INFO - Loading configuration...
2025-10-01 12:32:36,144 - __main__ - INFO - Configuration loaded: ['RandomForest', 'LogisticRegression', 'GradientBoosting', 'KNN', 'NaiveBayes', 'XGBoost', 'LightGBM']
2025-10-01 12:32:36,144 - __main__ - INFO - Loading data from C:\Users\abhay\OneDrive\Desktop\SID\Research_Internship_Under_Dr_Rakesh_Matam\Project_3\dataset\combined_dataset_short_balanced_encoded_normalised.csv
2025-10-01 12:32:36,856 - __main__ - INFO - Data loaded: 500000 samples, 14 features, 5 classes
2025-10-01 12:32:37,219 - __main__ - INFO - Data split - Train: 400000, Test: 100000
2025-10-01 12:32:37,223 - __main__ - INFO - Initializing Voting Ensemble classifier...
2025-10-01 12:32:37,223 - __main__ - INFO - Starting training...
2025-10-01 12:40:53,910 - __main__ - INFO - Training completed in 0:08:16.686984
2025-10-01 12:40:53,910 - __main__ - INFO - Evaluating model...
2025-10-01 12:43:02,977 - __main__ - INFO - === TRAINING RESULTS ===
2025-10-01 12:43:02,978 - __main__ - INFO - Accuracy: 0.9243
2025-10-01 12:43:02,978 - __main__ - INFO - Precision: 0.9320
2025-10-01 12:43:02,979 - __main__ - INFO - Recall: 0.9243
2025-10-01 12:43:02,979 - __main__ - INFO - F1-Score: 0.9225
2025-10-01 12:43:02,979 - __main__ - INFO - ROC AUC: 0.9951
2025-10-01 12:43:02,980 - __main__ - INFO - === BASE ESTIMATOR PERFORMANCE ===
2025-10-01 12:43:02,980 - __main__ - INFO - random_forest:
2025-10-01 12:43:02,980 - __main__ - INFO -   accuracy: 0.9448
2025-10-01 12:43:02,980 - __main__ - INFO -   precision: 0.9449
2025-10-01 12:43:02,981 - __main__ - INFO -   recall: 0.9448
2025-10-01 12:43:02,981 - __main__ - INFO -   f1_score: 0.9449
2025-10-01 12:43:02,982 - __main__ - INFO - logistic_regression:
2025-10-01 12:43:02,982 - __main__ - INFO -   accuracy: 0.8576
2025-10-01 12:43:02,982 - __main__ - INFO -   precision: 0.8909
2025-10-01 12:43:02,983 - __main__ - INFO -   recall: 0.8576
2025-10-01 12:43:02,983 - __main__ - INFO -   f1_score: 0.8461
2025-10-01 12:43:02,983 - __main__ - INFO - gradient_boosting:
2025-10-01 12:43:02,984 - __main__ - INFO -   accuracy: 0.9002
2025-10-01 12:43:02,984 - __main__ - INFO -   precision: 0.9182
2025-10-01 12:43:02,984 - __main__ - INFO -   recall: 0.9002
2025-10-01 12:43:02,985 - __main__ - INFO -   f1_score: 0.8945
2025-10-01 12:43:02,985 - __main__ - INFO - knn:
2025-10-01 12:43:02,986 - __main__ - INFO -   accuracy: 0.9572
2025-10-01 12:43:02,986 - __main__ - INFO -   precision: 0.9583
2025-10-01 12:43:02,986 - __main__ - INFO -   recall: 0.9572
2025-10-01 12:43:02,987 - __main__ - INFO -   f1_score: 0.9573
2025-10-01 12:43:02,987 - __main__ - INFO - naive_bayes:
2025-10-01 12:43:02,988 - __main__ - INFO -   accuracy: 0.6719
2025-10-01 12:43:02,988 - __main__ - INFO -   precision: 0.6626
2025-10-01 12:43:02,988 - __main__ - INFO -   recall: 0.6719
2025-10-01 12:43:02,989 - __main__ - INFO -   f1_score: 0.6115
2025-10-01 12:43:02,989 - __main__ - INFO - xgboost:
2025-10-01 12:43:02,990 - __main__ - INFO -   accuracy: 0.8952
2025-10-01 12:43:02,990 - __main__ - INFO -   precision: 0.9174
2025-10-01 12:43:02,990 - __main__ - INFO -   recall: 0.8952
2025-10-01 12:43:02,991 - __main__ - INFO -   f1_score: 0.8879
2025-10-01 12:43:02,991 - __main__ - INFO - lightgbm:
2025-10-01 12:43:02,992 - __main__ - INFO -   accuracy: 0.9098
2025-10-01 12:43:02,992 - __main__ - INFO -   precision: 0.9174
2025-10-01 12:43:02,992 - __main__ - INFO -   recall: 0.9098
2025-10-01 12:43:02,993 - __main__ - INFO -   f1_score: 0.9075
2025-10-01 12:43:02,993 - __main__ - INFO - Saving model to models/saved_Models/voting_ensemble_experiment1.joblib
2025-10-01 12:43:03,221 - __main__ - INFO - Metrics saved to C:\Users\abhay\OneDrive\Desktop\SID\Research_Internship_Under_Dr_Rakesh_Matam\Project_3\VotingEnsembleLearning\logs\training_metrics_20251001-123236.csv
2025-10-01 12:43:03,222 - __main__ - INFO - Training pipeline completed successfully!
2025-10-01 14:22:22,623 - __main__ - INFO - Loading configuration...
2025-10-01 14:22:22,631 - __main__ - INFO - Configuration loaded: ['RandomForest', 'LogisticRegression', 'GradientBoosting', 'KNN', 'NaiveBayes', 'XGBoost', 'LightGBM']
2025-10-01 14:22:22,631 - __main__ - INFO - Loading data from C:\Users\abhay\OneDrive\Desktop\SID\Research_Internship_Under_Dr_Rakesh_Matam\Project_3\dataset\combined_dataset_short_balanced_encoded_normalised.csv
2025-10-01 14:22:23,401 - __main__ - INFO - Data loaded: 500000 samples, 14 features, 5 classes
2025-10-01 14:22:23,773 - __main__ - INFO - Data split - Train: 400000, Test: 100000
2025-10-01 14:22:23,776 - __main__ - INFO - Initializing Voting Ensemble classifier...
2025-10-01 14:22:23,777 - __main__ - INFO - Starting training...
2025-10-01 14:29:47,219 - __main__ - INFO - Training completed in 0:07:23.442408
2025-10-01 14:29:47,219 - __main__ - INFO - Evaluating model...
2025-10-01 14:33:24,112 - __main__ - INFO - Generating visualization plots...
2025-10-01 14:33:26,199 - __main__ - INFO - Confusion matrix saved to C:\Users\abhay\OneDrive\Desktop\SID\Research_Internship_Under_Dr_Rakesh_Matam\Project_3\VotingEnsembleLearning\plots\confusion_matrix.png
2025-10-01 14:33:26,755 - __main__ - INFO - ROC curve saved to C:\Users\abhay\OneDrive\Desktop\SID\Research_Internship_Under_Dr_Rakesh_Matam\Project_3\VotingEnsembleLearning\plots\roc_curve.png
2025-10-01 14:33:26,784 - __main__ - INFO - Classification report saved to C:\Users\abhay\OneDrive\Desktop\SID\Research_Internship_Under_Dr_Rakesh_Matam\Project_3\VotingEnsembleLearning\results\classification_report.txt
2025-10-01 14:33:26,785 - __main__ - INFO - === TRAINING RESULTS ===
2025-10-01 14:33:26,785 - __main__ - INFO - Accuracy: 0.9368
2025-10-01 14:33:26,785 - __main__ - INFO - Precision: 0.9376
2025-10-01 14:33:26,786 - __main__ - INFO - Recall: 0.9368
2025-10-01 14:33:26,786 - __main__ - INFO - F1-Score: 0.9362
2025-10-01 14:33:26,787 - __main__ - INFO - ROC AUC (Weighted): 0.9955
2025-10-01 14:33:26,787 - __main__ - INFO - 
=== PER-CLASS METRICS ===
2025-10-01 14:33:26,788 - __main__ - INFO - Recon:
2025-10-01 14:33:26,788 - __main__ - INFO -   Precision: 1.0000
2025-10-01 14:33:26,789 - __main__ - INFO -   Recall: 0.9949
2025-10-01 14:33:26,789 - __main__ - INFO -   F1-Score: 0.9974
2025-10-01 14:33:26,789 - __main__ - INFO -   ROC AUC: 0.9997
2025-10-01 14:33:26,790 - __main__ - INFO - Exploitation:
2025-10-01 14:33:26,791 - __main__ - INFO -   Precision: 0.8302
2025-10-01 14:33:26,791 - __main__ - INFO -   Recall: 0.9015
2025-10-01 14:33:26,791 - __main__ - INFO -   F1-Score: 0.8644
2025-10-01 14:33:26,792 - __main__ - INFO -   ROC AUC: 0.9893
2025-10-01 14:33:26,792 - __main__ - INFO - C&C:
2025-10-01 14:33:26,792 - __main__ - INFO -   Precision: 0.9012
2025-10-01 14:33:26,793 - __main__ - INFO -   Recall: 0.7961
2025-10-01 14:33:26,793 - __main__ - INFO -   F1-Score: 0.8454
2025-10-01 14:33:26,794 - __main__ - INFO -   ROC AUC: 0.9894
2025-10-01 14:33:26,794 - __main__ - INFO - Attack:
2025-10-01 14:33:26,795 - __main__ - INFO -   Precision: 0.9664
2025-10-01 14:33:26,795 - __main__ - INFO -   Recall: 1.0000
2025-10-01 14:33:26,795 - __main__ - INFO -   F1-Score: 0.9829
2025-10-01 14:33:26,796 - __main__ - INFO -   ROC AUC: 0.9998
2025-10-01 14:33:26,796 - __main__ - INFO - Benign:
2025-10-01 14:33:26,796 - __main__ - INFO -   Precision: 0.9904
2025-10-01 14:33:26,797 - __main__ - INFO -   Recall: 0.9913
2025-10-01 14:33:26,797 - __main__ - INFO -   F1-Score: 0.9909
2025-10-01 14:33:26,798 - __main__ - INFO -   ROC AUC: 0.9992
2025-10-01 14:33:26,798 - __main__ - INFO - 
=== BASE ESTIMATOR PERFORMANCE ===
2025-10-01 14:33:26,798 - __main__ - INFO - random_forest:
2025-10-01 14:33:26,799 - __main__ - INFO -   accuracy: 0.9448
2025-10-01 14:33:26,799 - __main__ - INFO -   precision: 0.9449
2025-10-01 14:33:26,800 - __main__ - INFO -   recall: 0.9448
2025-10-01 14:33:26,800 - __main__ - INFO -   f1_score: 0.9449
2025-10-01 14:33:26,800 - __main__ - INFO - logistic_regression:
2025-10-01 14:33:26,801 - __main__ - INFO -   accuracy: 0.8576
2025-10-01 14:33:26,801 - __main__ - INFO -   precision: 0.8909
2025-10-01 14:33:26,801 - __main__ - INFO -   recall: 0.8576
2025-10-01 14:33:26,802 - __main__ - INFO -   f1_score: 0.8461
2025-10-01 14:33:26,802 - __main__ - INFO - gradient_boosting:
2025-10-01 14:33:26,802 - __main__ - INFO -   accuracy: 0.9002
2025-10-01 14:33:26,803 - __main__ - INFO -   precision: 0.9182
2025-10-01 14:33:26,803 - __main__ - INFO -   recall: 0.9002
2025-10-01 14:33:26,803 - __main__ - INFO -   f1_score: 0.8945
2025-10-01 14:33:26,803 - __main__ - INFO - knn:
2025-10-01 14:33:26,804 - __main__ - INFO -   accuracy: 0.9572
2025-10-01 14:33:26,804 - __main__ - INFO -   precision: 0.9583
2025-10-01 14:33:26,804 - __main__ - INFO -   recall: 0.9572
2025-10-01 14:33:26,804 - __main__ - INFO -   f1_score: 0.9573
2025-10-01 14:33:26,805 - __main__ - INFO - naive_bayes:
2025-10-01 14:33:26,805 - __main__ - INFO -   accuracy: 0.6719
2025-10-01 14:33:26,805 - __main__ - INFO -   precision: 0.6626
2025-10-01 14:33:26,806 - __main__ - INFO -   recall: 0.6719
2025-10-01 14:33:26,806 - __main__ - INFO -   f1_score: 0.6115
2025-10-01 14:33:26,806 - __main__ - INFO - 
Saving model to models/saved_Models/voting_ensemble_experiment1.joblib
2025-10-01 14:33:27,000 - __main__ - INFO - Metrics saved to C:\Users\abhay\OneDrive\Desktop\SID\Research_Internship_Under_Dr_Rakesh_Matam\Project_3\VotingEnsembleLearning\results\classification_metrics.csv
2025-10-01 14:33:27,001 - __main__ - INFO - 
Training pipeline completed successfully!
2025-10-01 14:33:27,002 - __main__ - INFO - Results saved in: C:\Users\abhay\OneDrive\Desktop\SID\Research_Internship_Under_Dr_Rakesh_Matam\Project_3\VotingEnsembleLearning\results
2025-10-01 14:33:27,002 - __main__ - INFO - Plots saved in: C:\Users\abhay\OneDrive\Desktop\SID\Research_Internship_Under_Dr_Rakesh_Matam\Project_3\VotingEnsembleLearning\plots
