2025-10-01 14:22:22,623 - __main__ - INFO - Loading configuration...
2025-10-01 14:22:22,631 - __main__ - INFO - Configuration loaded: ['RandomForest', 'LogisticRegression', 'GradientBoosting', 'KNN', 'NaiveBayes', 'XGBoost', 'LightGBM']
2025-10-01 14:22:22,631 - __main__ - INFO - Loading data from C:\Users\abhay\OneDrive\Desktop\SID\Research_Internship_Under_Dr_Rakesh_Matam\Project_3\dataset\combined_dataset_short_balanced_encoded_normalised.csv
2025-10-01 14:22:23,401 - __main__ - INFO - Data loaded: 500000 samples, 14 features, 5 classes
2025-10-01 14:22:23,773 - __main__ - INFO - Data split - Train: 400000, Test: 100000
2025-10-01 14:22:23,776 - __main__ - INFO - Initializing Voting Ensemble classifier...
2025-10-01 14:22:23,777 - __main__ - INFO - Starting training...
2025-10-01 14:29:47,219 - __main__ - INFO - Training completed in 0:07:23.442408
2025-10-01 14:29:47,219 - __main__ - INFO - Evaluating model...
2025-10-01 14:33:24,112 - __main__ - INFO - Generating visualization plots...
2025-10-01 14:33:26,199 - __main__ - INFO - Confusion matrix saved to C:\Users\abhay\OneDrive\Desktop\SID\Research_Internship_Under_Dr_Rakesh_Matam\Project_3\VotingEnsembleLearning\plots\confusion_matrix.png
2025-10-01 14:33:26,755 - __main__ - INFO - ROC curve saved to C:\Users\abhay\OneDrive\Desktop\SID\Research_Internship_Under_Dr_Rakesh_Matam\Project_3\VotingEnsembleLearning\plots\roc_curve.png
2025-10-01 14:33:26,784 - __main__ - INFO - Classification report saved to C:\Users\abhay\OneDrive\Desktop\SID\Research_Internship_Under_Dr_Rakesh_Matam\Project_3\VotingEnsembleLearning\results\classification_report.txt
2025-10-01 14:33:26,785 - __main__ - INFO - === TRAINING RESULTS ===
2025-10-01 14:33:26,785 - __main__ - INFO - Accuracy: 0.9368
2025-10-01 14:33:26,785 - __main__ - INFO - Precision: 0.9376
2025-10-01 14:33:26,786 - __main__ - INFO - Recall: 0.9368
2025-10-01 14:33:26,786 - __main__ - INFO - F1-Score: 0.9362
2025-10-01 14:33:26,787 - __main__ - INFO - ROC AUC (Weighted): 0.9955
2025-10-01 14:33:26,787 - __main__ - INFO - 
=== PER-CLASS METRICS ===
2025-10-01 14:33:26,788 - __main__ - INFO - Recon:
2025-10-01 14:33:26,788 - __main__ - INFO -   Precision: 1.0000
2025-10-01 14:33:26,789 - __main__ - INFO -   Recall: 0.9949
2025-10-01 14:33:26,789 - __main__ - INFO -   F1-Score: 0.9974
2025-10-01 14:33:26,789 - __main__ - INFO -   ROC AUC: 0.9997
2025-10-01 14:33:26,790 - __main__ - INFO - Exploitation:
2025-10-01 14:33:26,791 - __main__ - INFO -   Precision: 0.8302
2025-10-01 14:33:26,791 - __main__ - INFO -   Recall: 0.9015
2025-10-01 14:33:26,791 - __main__ - INFO -   F1-Score: 0.8644
2025-10-01 14:33:26,792 - __main__ - INFO -   ROC AUC: 0.9893
2025-10-01 14:33:26,792 - __main__ - INFO - C&C:
2025-10-01 14:33:26,792 - __main__ - INFO -   Precision: 0.9012
2025-10-01 14:33:26,793 - __main__ - INFO -   Recall: 0.7961
2025-10-01 14:33:26,793 - __main__ - INFO -   F1-Score: 0.8454
2025-10-01 14:33:26,794 - __main__ - INFO -   ROC AUC: 0.9894
2025-10-01 14:33:26,794 - __main__ - INFO - Attack:
2025-10-01 14:33:26,795 - __main__ - INFO -   Precision: 0.9664
2025-10-01 14:33:26,795 - __main__ - INFO -   Recall: 1.0000
2025-10-01 14:33:26,795 - __main__ - INFO -   F1-Score: 0.9829
2025-10-01 14:33:26,796 - __main__ - INFO -   ROC AUC: 0.9998
2025-10-01 14:33:26,796 - __main__ - INFO - Benign:
2025-10-01 14:33:26,796 - __main__ - INFO -   Precision: 0.9904
2025-10-01 14:33:26,797 - __main__ - INFO -   Recall: 0.9913
2025-10-01 14:33:26,797 - __main__ - INFO -   F1-Score: 0.9909
2025-10-01 14:33:26,798 - __main__ - INFO -   ROC AUC: 0.9992
2025-10-01 14:33:26,798 - __main__ - INFO - 
=== BASE ESTIMATOR PERFORMANCE ===
2025-10-01 14:33:26,798 - __main__ - INFO - random_forest:
2025-10-01 14:33:26,799 - __main__ - INFO -   accuracy: 0.9448
2025-10-01 14:33:26,799 - __main__ - INFO -   precision: 0.9449
2025-10-01 14:33:26,800 - __main__ - INFO -   recall: 0.9448
2025-10-01 14:33:26,800 - __main__ - INFO -   f1_score: 0.9449
2025-10-01 14:33:26,800 - __main__ - INFO - logistic_regression:
2025-10-01 14:33:26,801 - __main__ - INFO -   accuracy: 0.8576
2025-10-01 14:33:26,801 - __main__ - INFO -   precision: 0.8909
2025-10-01 14:33:26,801 - __main__ - INFO -   recall: 0.8576
2025-10-01 14:33:26,802 - __main__ - INFO -   f1_score: 0.8461
2025-10-01 14:33:26,802 - __main__ - INFO - gradient_boosting:
2025-10-01 14:33:26,802 - __main__ - INFO -   accuracy: 0.9002
2025-10-01 14:33:26,803 - __main__ - INFO -   precision: 0.9182
2025-10-01 14:33:26,803 - __main__ - INFO -   recall: 0.9002
2025-10-01 14:33:26,803 - __main__ - INFO -   f1_score: 0.8945
2025-10-01 14:33:26,803 - __main__ - INFO - knn:
2025-10-01 14:33:26,804 - __main__ - INFO -   accuracy: 0.9572
2025-10-01 14:33:26,804 - __main__ - INFO -   precision: 0.9583
2025-10-01 14:33:26,804 - __main__ - INFO -   recall: 0.9572
2025-10-01 14:33:26,804 - __main__ - INFO -   f1_score: 0.9573
2025-10-01 14:33:26,805 - __main__ - INFO - naive_bayes:
2025-10-01 14:33:26,805 - __main__ - INFO -   accuracy: 0.6719
2025-10-01 14:33:26,805 - __main__ - INFO -   precision: 0.6626
2025-10-01 14:33:26,806 - __main__ - INFO -   recall: 0.6719
2025-10-01 14:33:26,806 - __main__ - INFO -   f1_score: 0.6115
2025-10-01 14:33:26,806 - __main__ - INFO - 
Saving model to models/saved_Models/voting_ensemble_experiment1.joblib
2025-10-01 14:33:27,000 - __main__ - INFO - Metrics saved to C:\Users\abhay\OneDrive\Desktop\SID\Research_Internship_Under_Dr_Rakesh_Matam\Project_3\VotingEnsembleLearning\results\classification_metrics.csv
2025-10-01 14:33:27,001 - __main__ - INFO - 
Training pipeline completed successfully!
2025-10-01 14:33:27,002 - __main__ - INFO - Results saved in: C:\Users\abhay\OneDrive\Desktop\SID\Research_Internship_Under_Dr_Rakesh_Matam\Project_3\VotingEnsembleLearning\results
2025-10-01 14:33:27,002 - __main__ - INFO - Plots saved in: C:\Users\abhay\OneDrive\Desktop\SID\Research_Internship_Under_Dr_Rakesh_Matam\Project_3\VotingEnsembleLearning\plots
