2025-09-13 16:38:26,248 - __main__ - INFO - Loading configuration...
2025-09-13 16:38:26,272 - __main__ - INFO - Configuration loaded: ['RandomForest', 'LogisticRegression', 'GradientBoosting']
2025-09-13 16:38:26,272 - __main__ - INFO - Loading data from C:\Users\dicla\Research_Internship_Under_Dr_Rakesh_Matam\Project_3\dataset\combined_dataset_short_balanced_encoded_normalised.csv
2025-09-13 16:38:26,785 - __main__ - INFO - Data loaded: 500000 samples, 14 features, 5 classes
2025-09-13 16:38:27,076 - __main__ - INFO - Data split - Train: 400000, Test: 100000
2025-09-13 16:38:27,079 - __main__ - INFO - Initializing Voting Ensemble classifier...
2025-09-13 16:38:27,079 - __main__ - INFO - Starting training...
2025-09-13 16:45:55,373 - __main__ - INFO - Training completed in 0:07:28.293625
2025-09-13 16:45:55,373 - __main__ - INFO - Evaluating model...
2025-09-13 16:45:58,094 - __main__ - INFO - === TRAINING RESULTS ===
2025-09-13 16:45:58,094 - __main__ - INFO - Accuracy: 0.9094
2025-09-13 16:45:58,094 - __main__ - INFO - Precision: 0.9245
2025-09-13 16:45:58,094 - __main__ - INFO - Recall: 0.9094
2025-09-13 16:45:58,095 - __main__ - INFO - F1-Score: 0.9055
2025-09-13 16:45:58,095 - __main__ - INFO - ROC AUC: 0.9865
2025-09-13 16:45:58,095 - __main__ - INFO - === BASE ESTIMATOR PERFORMANCE ===
2025-09-13 16:45:58,095 - __main__ - INFO - random_forest:
2025-09-13 16:45:58,096 - __main__ - INFO -   accuracy: 0.9124
2025-09-13 16:45:58,096 - __main__ - INFO -   precision: 0.9267
2025-09-13 16:45:58,096 - __main__ - INFO -   recall: 0.9124
2025-09-13 16:45:58,096 - __main__ - INFO -   f1_score: 0.9091
2025-09-13 16:45:58,096 - __main__ - INFO - logistic_regression:
2025-09-13 16:45:58,096 - __main__ - INFO -   accuracy: 0.6769
2025-09-13 16:45:58,096 - __main__ - INFO -   precision: 0.8095
2025-09-13 16:45:58,096 - __main__ - INFO -   recall: 0.6769
2025-09-13 16:45:58,097 - __main__ - INFO -   f1_score: 0.6137
2025-09-13 16:45:58,097 - __main__ - INFO - gradient_boosting:
2025-09-13 16:45:58,097 - __main__ - INFO -   accuracy: 0.9157
2025-09-13 16:45:58,097 - __main__ - INFO -   precision: 0.9232
2025-09-13 16:45:58,097 - __main__ - INFO -   recall: 0.9157
2025-09-13 16:45:58,097 - __main__ - INFO -   f1_score: 0.9136
2025-09-13 16:45:58,097 - __main__ - INFO - Saving model to models/saved_Models/voting_ensemble_experiment2.joblib
2025-09-13 16:45:58,167 - __main__ - INFO - Metrics saved to C:\Users\dicla\Research_Internship_Under_Dr_Rakesh_Matam\Project_3\VotingEnsembleLearning\logs\training_metrics_20250913-163826.csv
2025-09-13 16:45:58,168 - __main__ - INFO - Training pipeline completed successfully!
