2025-09-13 15:59:24,884 - __main__ - INFO - Logging to logs\xgboost_training_20250913_155924.log
2025-09-13 15:59:24,884 - __main__ - INFO - XGBoost Training Pipeline initialized
2025-09-13 15:59:24,884 - __main__ - INFO - ==================================================
2025-09-13 15:59:24,884 - __main__ - INFO - STARTING XGBOOST TRAINING PIPELINE
2025-09-13 15:59:24,885 - __main__ - INFO - ==================================================
2025-09-13 15:59:24,885 - __main__ - INFO - Loading data from C:\Users\dicla\Research_Internship_Under_Dr_Rakesh_Matam\Project_3\dataset\combined_dataset_short_balanced_encoded_normalised.csv
2025-09-13 15:59:25,322 - __main__ - INFO - Data loaded successfully: (500000, 15)
2025-09-13 15:59:25,324 - __main__ - INFO - Dataset shape: (500000, 15)
2025-09-13 15:59:25,324 - __main__ - INFO - Target column: label_stage_encoded
2025-09-13 15:59:25,324 - __main__ - INFO - Number of features: 14
2025-09-13 15:59:25,329 - __main__ - INFO - Class distribution:
label_stage_encoded
1    100000
0    100000
4    100000
2    100000
3    100000
Name: count, dtype: int64
2025-09-13 15:59:25,339 - __main__ - INFO - No missing values found
2025-09-13 15:59:25,339 - __main__ - INFO - Preparing features and targets...
2025-09-13 15:59:25,364 - __main__ - INFO - Feature matrix shape: (500000, 14)
2025-09-13 15:59:25,364 - __main__ - INFO - Target vector shape: (500000,)
2025-09-13 15:59:25,364 - __main__ - INFO - Features: ['0', '1', '2', '3', '4', '5', '6', '7', '8', '9']...
2025-09-13 15:59:25,372 - __main__ - INFO - Creating data splits...
2025-09-13 15:59:25,692 - __main__ - INFO - Training samples: 300000
2025-09-13 15:59:25,692 - __main__ - INFO - Validation samples: 100000
2025-09-13 15:59:25,692 - __main__ - INFO - Test samples: 100000
2025-09-13 15:59:25,698 - __main__ - INFO - Train class distribution: [(np.int64(0), np.int64(60000)), (np.int64(1), np.int64(60000)), (np.int64(2), np.int64(60000)), (np.int64(3), np.int64(60000)), (np.int64(4), np.int64(60000))]
2025-09-13 15:59:25,699 - __main__ - INFO - Val class distribution: [(np.int64(0), np.int64(20000)), (np.int64(1), np.int64(20000)), (np.int64(2), np.int64(20000)), (np.int64(3), np.int64(20000)), (np.int64(4), np.int64(20000))]
2025-09-13 15:59:25,699 - __main__ - INFO - Test class distribution: [(np.int64(0), np.int64(20000)), (np.int64(1), np.int64(20000)), (np.int64(2), np.int64(20000)), (np.int64(3), np.int64(20000)), (np.int64(4), np.int64(20000))]
2025-09-13 15:59:25,701 - __main__ - INFO - Starting XGBoost model training...
2025-09-13 15:59:30,345 - __main__ - INFO - Model training completed successfully
2025-09-13 15:59:30,345 - __main__ - INFO - Evaluating model performance...
2025-09-13 15:59:30,937 - __main__ - INFO - Generating visualization plots...
2025-09-13 15:59:33,455 - __main__ - INFO - Feature importance plot saved
2025-09-13 15:59:33,758 - __main__ - INFO - Confusion matrix plot saved
2025-09-13 15:59:33,758 - __main__ - INFO - Saving model and results...
2025-09-13 15:59:33,817 - __main__ - INFO - Model saved to: models\saved_Models\xgboost_experiment1.joblib
2025-09-13 15:59:33,818 - __main__ - INFO - Final model saved to: models\saved_Models\xgboost_experiment1_final_20250913_155933.joblib
2025-09-13 15:59:33,818 - __main__ - INFO - Results saved to: outputs\evaluation_results_20250913_155933.joblib
2025-09-13 15:59:33,818 - __main__ - INFO - Metrics saved to: logs\training_metrics_20250913_155933.csv
2025-09-13 15:59:33,818 - __main__ - INFO - ==================================================
2025-09-13 15:59:33,819 - __main__ - INFO - TRAINING PIPELINE COMPLETED SUCCESSFULLY
2025-09-13 15:59:33,819 - __main__ - INFO - ==================================================
