2025-09-14 13:39:54,951 - __main__ - INFO - Training session started at 2025-09-14 13:39:54
2025-09-14 13:39:54,952 - __main__ - INFO - Session logs will be saved to: training_20250914_133954.log
2025-09-14 13:39:54,957 - __main__ - INFO - Configuration loaded successfully
2025-09-14 13:39:54,957 - __main__ - INFO - Model configuration:
LSTM Model Configuration Summary:
================================
Architecture:
  - Input: 128 time steps × 14 features
  - 3x Bidirectional LSTM layers (32 units each)
  - Output: 5 classes
  - Estimated parameters: ~62,021

Training Setup:
  - Learning rate: 0.001
  - Batch size: 16
  - Max epochs: 15
  - Dropout: 0.2
  - Validation split: 0.2
  - Early stopping patience: 3

Monitoring:
  - Metrics: accuracy, val_loss, precision, recall, f1_score
  - Model save path: models\saved_Models\experiment4.keras
2025-09-14 13:39:54,957 - __main__ - INFO - Loading data from C:\Users\dicla\Research_Internship_Under_Dr_Rakesh_Matam\Project_3\dataset\combined_dataset_short_balanced_encoded_normalised.csv
2025-09-14 13:39:55,445 - __main__ - INFO - Data loaded successfully: (500000, 15)
2025-09-14 13:39:55,446 - __main__ - INFO - Features: ['0', '1', '2', '3', '4', '5', '6', '7', '8', '9', '10', '11', '12', '13']
2025-09-14 13:39:55,446 - __main__ - INFO - Target: label_stage_encoded
2025-09-14 13:39:55,446 - __main__ - INFO - Preparing preprocessed data for LSTM training...
2025-09-14 13:39:55,479 - __main__ - INFO - Feature matrix shape: (500000, 14)
2025-09-14 13:39:55,479 - __main__ - INFO - Target vector shape: (500000,)
2025-09-14 13:39:57,182 - __main__ - INFO - Created 499873 sequences of length 128
2025-09-14 13:39:57,183 - __main__ - INFO - Sequence shape: (499873, 128, 14)
2025-09-14 13:39:57,183 - __main__ - INFO - Target shape: (499873,)
2025-09-14 13:39:57,183 - __main__ - INFO - Preprocessed data preparation completed successfully
2025-09-14 13:39:57,183 - __main__ - INFO - Final sequence shape: (499873, 128, 14)
2025-09-14 13:39:57,183 - __main__ - INFO - Final target shape: (499873,)
2025-09-14 13:39:57,187 - __main__ - INFO - Class distribution: [100000  99873 100000 100000 100000]
2025-09-14 13:39:57,193 - __main__ - INFO - Random seeds set to 42 for reproducibility
2025-09-14 13:39:57,200 - __main__ - INFO - No GPUs detected - using CPU only
2025-09-14 13:39:57,221 - __main__ - INFO - TensorFlow configured for CPU usage. Test tensor device: /job:localhost/replica:0/task:0/device:CPU:0
2025-09-14 13:39:57,222 - __main__ - INFO - Starting LSTM model training...
2025-09-14 13:40:04,491 - __main__ - INFO - Training samples: 399898
2025-09-14 13:40:04,501 - __main__ - INFO - Validation samples: 99975
2025-09-14 13:40:05,026 - __main__ - INFO - Model built successfully
2025-09-14 13:40:05,100 - __main__ - INFO - Beginning training process...
